[debug] [2023-10-05T17:33:56.418Z] ----------------------------------------------------------------------
[debug] [2023-10-05T17:33:56.419Z] Command:       C:\Program Files\nodejs\node.exe C:\Users\claud\AppData\Roaming\npm\node_modules\firebase-tools\lib\bin\firebase.js deploy --only functions
[debug] [2023-10-05T17:33:56.420Z] CLI Version:   12.5.4
[debug] [2023-10-05T17:33:56.420Z] Platform:      win32
[debug] [2023-10-05T17:33:56.420Z] Node Version:  v18.17.1
[debug] [2023-10-05T17:33:56.421Z] Time:          Thu Oct 05 2023 13:33:56 GMT-0400 (Eastern Daylight Time)
[debug] [2023-10-05T17:33:56.421Z] ----------------------------------------------------------------------
[debug] 
[debug] [2023-10-05T17:33:56.491Z] > command requires scopes: ["email","openid","https://www.googleapis.com/auth/cloudplatformprojects.readonly","https://www.googleapis.com/auth/firebase","https://www.googleapis.com/auth/cloud-platform"]
[debug] [2023-10-05T17:33:56.491Z] > authorizing via signed-in user (claudioteles85@gmail.com)
[debug] [2023-10-05T17:33:56.492Z] [iam] checking project post-world-app for permissions ["cloudfunctions.functions.create","cloudfunctions.functions.delete","cloudfunctions.functions.get","cloudfunctions.functions.list","cloudfunctions.functions.update","cloudfunctions.operations.get","firebase.projects.get"]
[debug] [2023-10-05T17:33:56.494Z] >>> [apiv2][query] POST https://cloudresourcemanager.googleapis.com/v1/projects/post-world-app:testIamPermissions [none]
[debug] [2023-10-05T17:33:56.494Z] >>> [apiv2][(partial)header] POST https://cloudresourcemanager.googleapis.com/v1/projects/post-world-app:testIamPermissions x-goog-quota-user=projects/post-world-app
[debug] [2023-10-05T17:33:56.494Z] >>> [apiv2][body] POST https://cloudresourcemanager.googleapis.com/v1/projects/post-world-app:testIamPermissions {"permissions":["cloudfunctions.functions.create","cloudfunctions.functions.delete","cloudfunctions.functions.get","cloudfunctions.functions.list","cloudfunctions.functions.update","cloudfunctions.operations.get","firebase.projects.get"]}
[debug] [2023-10-05T17:33:56.786Z] <<< [apiv2][status] POST https://cloudresourcemanager.googleapis.com/v1/projects/post-world-app:testIamPermissions 200
[debug] [2023-10-05T17:33:56.786Z] <<< [apiv2][body] POST https://cloudresourcemanager.googleapis.com/v1/projects/post-world-app:testIamPermissions {"permissions":["cloudfunctions.functions.create","cloudfunctions.functions.delete","cloudfunctions.functions.get","cloudfunctions.functions.list","cloudfunctions.functions.update","cloudfunctions.operations.get","firebase.projects.get"]}
[debug] [2023-10-05T17:33:56.787Z] >>> [apiv2][query] POST https://iam.googleapis.com/v1/projects/post-world-app/serviceAccounts/post-world-app@appspot.gserviceaccount.com:testIamPermissions [none]
[debug] [2023-10-05T17:33:56.787Z] >>> [apiv2][body] POST https://iam.googleapis.com/v1/projects/post-world-app/serviceAccounts/post-world-app@appspot.gserviceaccount.com:testIamPermissions {"permissions":["iam.serviceAccounts.actAs"]}
[debug] [2023-10-05T17:33:57.017Z] <<< [apiv2][status] POST https://iam.googleapis.com/v1/projects/post-world-app/serviceAccounts/post-world-app@appspot.gserviceaccount.com:testIamPermissions 200
[debug] [2023-10-05T17:33:57.017Z] <<< [apiv2][body] POST https://iam.googleapis.com/v1/projects/post-world-app/serviceAccounts/post-world-app@appspot.gserviceaccount.com:testIamPermissions {"permissions":["iam.serviceAccounts.actAs"]}
[info] 
[info] === Deploying to 'post-world-app'...
[info] 
[info] i  deploying functions 
[info] Running command: npm --prefix "$RESOURCE_DIR" run build
[info] +  functions: Finished running predeploy script. 
[debug] [2023-10-05T17:34:01.902Z] >>> [apiv2][query] GET https://firebase.googleapis.com/v1beta1/projects/post-world-app [none]
[debug] [2023-10-05T17:34:02.222Z] <<< [apiv2][status] GET https://firebase.googleapis.com/v1beta1/projects/post-world-app 200
[debug] [2023-10-05T17:34:02.223Z] <<< [apiv2][body] GET https://firebase.googleapis.com/v1beta1/projects/post-world-app {"projectId":"post-world-app","projectNumber":"742386702580","displayName":"Post World app","name":"projects/post-world-app","resources":{"hostingSite":"post-world-app","realtimeDatabaseInstance":"post-world-app-default-rtdb","storageBucket":"post-world-app.appspot.com","locationId":"us-central"},"state":"ACTIVE","etag":"1_a3f13845-3ab3-4c19-96bc-7a828615faa7"}
[info] i  functions: preparing codebase default for deployment 
[info] i  functions: ensuring required API cloudfunctions.googleapis.com is enabled... 
[info] i  functions: ensuring required API cloudbuild.googleapis.com is enabled... 
[info] i  artifactregistry: ensuring required API artifactregistry.googleapis.com is enabled... 
[debug] [2023-10-05T17:34:02.224Z] >>> [apiv2][query] GET https://serviceusage.googleapis.com/v1/projects/post-world-app/services/cloudfunctions.googleapis.com [none]
[debug] [2023-10-05T17:34:02.224Z] >>> [apiv2][(partial)header] GET https://serviceusage.googleapis.com/v1/projects/post-world-app/services/cloudfunctions.googleapis.com x-goog-quota-user=projects/post-world-app
[debug] [2023-10-05T17:34:02.225Z] >>> [apiv2][query] GET https://serviceusage.googleapis.com/v1/projects/post-world-app/services/runtimeconfig.googleapis.com [none]
[debug] [2023-10-05T17:34:02.225Z] >>> [apiv2][(partial)header] GET https://serviceusage.googleapis.com/v1/projects/post-world-app/services/runtimeconfig.googleapis.com x-goog-quota-user=projects/post-world-app
[debug] [2023-10-05T17:34:02.226Z] >>> [apiv2][query] GET https://serviceusage.googleapis.com/v1/projects/post-world-app/services/cloudbuild.googleapis.com [none]
[debug] [2023-10-05T17:34:02.226Z] >>> [apiv2][(partial)header] GET https://serviceusage.googleapis.com/v1/projects/post-world-app/services/cloudbuild.googleapis.com x-goog-quota-user=projects/post-world-app
[debug] [2023-10-05T17:34:02.227Z] >>> [apiv2][query] GET https://serviceusage.googleapis.com/v1/projects/post-world-app/services/artifactregistry.googleapis.com [none]
[debug] [2023-10-05T17:34:02.227Z] >>> [apiv2][(partial)header] GET https://serviceusage.googleapis.com/v1/projects/post-world-app/services/artifactregistry.googleapis.com x-goog-quota-user=projects/post-world-app
[debug] [2023-10-05T17:34:02.634Z] <<< [apiv2][status] GET https://serviceusage.googleapis.com/v1/projects/post-world-app/services/runtimeconfig.googleapis.com 200
[debug] [2023-10-05T17:34:02.634Z] <<< [apiv2][body] GET https://serviceusage.googleapis.com/v1/projects/post-world-app/services/runtimeconfig.googleapis.com [omitted]
[debug] [2023-10-05T17:34:02.640Z] <<< [apiv2][status] GET https://serviceusage.googleapis.com/v1/projects/post-world-app/services/cloudfunctions.googleapis.com 200
[debug] [2023-10-05T17:34:02.640Z] <<< [apiv2][body] GET https://serviceusage.googleapis.com/v1/projects/post-world-app/services/cloudfunctions.googleapis.com [omitted]
[info] +  functions: required API cloudfunctions.googleapis.com is enabled 
[debug] [2023-10-05T17:34:02.640Z] <<< [apiv2][status] GET https://serviceusage.googleapis.com/v1/projects/post-world-app/services/artifactregistry.googleapis.com 200
[debug] [2023-10-05T17:34:02.640Z] <<< [apiv2][body] GET https://serviceusage.googleapis.com/v1/projects/post-world-app/services/artifactregistry.googleapis.com [omitted]
[info] +  artifactregistry: required API artifactregistry.googleapis.com is enabled 
[debug] [2023-10-05T17:34:02.666Z] <<< [apiv2][status] GET https://serviceusage.googleapis.com/v1/projects/post-world-app/services/cloudbuild.googleapis.com 200
[debug] [2023-10-05T17:34:02.666Z] <<< [apiv2][body] GET https://serviceusage.googleapis.com/v1/projects/post-world-app/services/cloudbuild.googleapis.com [omitted]
[info] +  functions: required API cloudbuild.googleapis.com is enabled 
[debug] [2023-10-05T17:34:02.666Z] >>> [apiv2][query] GET https://firebase.googleapis.com/v1beta1/projects/post-world-app/adminSdkConfig [none]
[debug] [2023-10-05T17:34:03.030Z] <<< [apiv2][status] GET https://firebase.googleapis.com/v1beta1/projects/post-world-app/adminSdkConfig 200
[debug] [2023-10-05T17:34:03.030Z] <<< [apiv2][body] GET https://firebase.googleapis.com/v1beta1/projects/post-world-app/adminSdkConfig {"projectId":"post-world-app","databaseURL":"https://post-world-app-default-rtdb.firebaseio.com","storageBucket":"post-world-app.appspot.com","locationId":"us-central"}
[debug] [2023-10-05T17:34:03.030Z] >>> [apiv2][query] GET https://runtimeconfig.googleapis.com/v1beta1/projects/post-world-app/configs [none]
[debug] [2023-10-05T17:34:03.382Z] <<< [apiv2][status] GET https://runtimeconfig.googleapis.com/v1beta1/projects/post-world-app/configs 200
[debug] [2023-10-05T17:34:03.382Z] <<< [apiv2][body] GET https://runtimeconfig.googleapis.com/v1beta1/projects/post-world-app/configs {}
[debug] [2023-10-05T17:34:03.383Z] Validating nodejs source
[debug] [2023-10-05T17:34:04.567Z] > [functions] package.json contents: {
  "name": "functions",
  "scripts": {
    "build": "tsc",
    "build:watch": "tsc --watch",
    "serve": "npm run build && firebase emulators:start --only functions",
    "shell": "npm run build && firebase functions:shell",
    "start": "npm run shell",
    "deploy": "firebase deploy --only functions",
    "logs": "firebase functions:log"
  },
  "engines": {
    "node": "18"
  },
  "main": "lib/index.js",
  "dependencies": {
    "axios": "^1.5.1",
    "firebase-admin": "^11.8.0",
    "firebase-functions": "^4.3.1"
  },
  "devDependencies": {
    "firebase-functions-test": "^3.1.0",
    "typescript": "^4.9.0"
  },
  "private": true
}
[debug] [2023-10-05T17:34:04.567Z] Building nodejs source
[info] i  functions: Loading and analyzing source code for codebase default to determine what to deploy 
[debug] [2023-10-05T17:34:04.568Z] Could not find functions.yaml. Must use http discovery
[debug] [2023-10-05T17:34:04.575Z] Found firebase-functions binary at 'D:\Angular Projects\PostWorld\functions\node_modules\.bin\firebase-functions'
[info] Serving at port 8836

[debug] [2023-10-05T17:34:04.946Z] Got response from /__/functions.yaml {"endpoints":{"neon":{"platform":"gcfv1","availableMemoryMb":null,"timeoutSeconds":null,"minInstances":null,"maxInstances":null,"ingressSettings":null,"serviceAccountEmail":null,"vpc":null,"httpsTrigger":{},"entryPoint":"neon"}},"specVersion":"v1alpha1","requiredAPIs":[]}
[info] shutdown requested via /__/quitquitquit

[info] i  functions: preparing functions directory for uploading... 
[info] i  functions: packaged D:\Angular Projects\PostWorld\functions (38.78 KB) for uploading 
[debug] [2023-10-05T17:34:05.002Z] >>> [apiv2][query] GET https://cloudfunctions.googleapis.com/v1/projects/post-world-app/locations/-/functions [none]
[debug] [2023-10-05T17:34:05.646Z] <<< [apiv2][status] GET https://cloudfunctions.googleapis.com/v1/projects/post-world-app/locations/-/functions 200
[debug] [2023-10-05T17:34:05.647Z] <<< [apiv2][body] GET https://cloudfunctions.googleapis.com/v1/projects/post-world-app/locations/-/functions {}
[debug] [2023-10-05T17:34:05.648Z] >>> [apiv2][query] GET https://cloudfunctions.googleapis.com/v2/projects/post-world-app/locations/-/functions filter=environment%3D%22GEN_2%22
[debug] [2023-10-05T17:34:06.153Z] <<< [apiv2][status] GET https://cloudfunctions.googleapis.com/v2/projects/post-world-app/locations/-/functions 200
[debug] [2023-10-05T17:34:06.154Z] <<< [apiv2][body] GET https://cloudfunctions.googleapis.com/v2/projects/post-world-app/locations/-/functions {"functions":[{"name":"projects/post-world-app/locations/us-central1/functions/helloWorld","buildConfig":{"build":"projects/742386702580/locations/us-central1/builds/77178609-69f8-46dc-bdaa-bd4f6353e3c2","runtime":"nodejs18","entryPoint":"helloWorld","source":{"storageSource":{"bucket":"gcf-v2-sources-742386702580-us-central1","object":"helloWorld/function-source.zip","generation":"1695392787909413"}},"environmentVariables":{"GOOGLE_NODE_RUN_SCRIPTS":""},"sourceProvenance":{"resolvedStorageSource":{"bucket":"gcf-v2-sources-742386702580-us-central1","object":"helloWorld/function-source.zip","generation":"1695392787909413"}},"dockerRegistry":"ARTIFACT_REGISTRY"},"state":"FAILED","updateTime":"2023-10-05T17:22:33.683944215Z","labels":{"deployment-tool":"cli-firebase","firebase-functions-hash":"43472b7d5632c15c3c0a54ef0a736f47810cfb8f"},"stateMessages":[{"severity":"ERROR","type":"CloudRunServiceNotFound","message":"Cloud Run service projects/post-world-app/locations/us-central1/services/helloworld for the function was not found. The function will not work correctly. Please redeploy."}],"environment":"GEN_2","url":"https://us-central1-post-world-app.cloudfunctions.net/helloWorld"}]}
[debug] [2023-10-05T17:34:06.156Z] >>> [apiv2][query] GET https://firebase.googleapis.com/v1beta1/projects/post-world-app [none]
[debug] [2023-10-05T17:34:06.516Z] <<< [apiv2][status] GET https://firebase.googleapis.com/v1beta1/projects/post-world-app 200
[debug] [2023-10-05T17:34:06.516Z] <<< [apiv2][body] GET https://firebase.googleapis.com/v1beta1/projects/post-world-app {"projectId":"post-world-app","projectNumber":"742386702580","displayName":"Post World app","name":"projects/post-world-app","resources":{"hostingSite":"post-world-app","realtimeDatabaseInstance":"post-world-app-default-rtdb","storageBucket":"post-world-app.appspot.com","locationId":"us-central"},"state":"ACTIVE","etag":"1_a3f13845-3ab3-4c19-96bc-7a828615faa7"}
[debug] [2023-10-05T17:34:06.516Z] [functions] found 1 new HTTP functions, testing setIamPolicy permission...
[debug] [2023-10-05T17:34:06.517Z] >>> [apiv2][query] POST https://cloudresourcemanager.googleapis.com/v1/projects/post-world-app:testIamPermissions [none]
[debug] [2023-10-05T17:34:06.517Z] >>> [apiv2][(partial)header] POST https://cloudresourcemanager.googleapis.com/v1/projects/post-world-app:testIamPermissions x-goog-quota-user=projects/post-world-app
[debug] [2023-10-05T17:34:06.517Z] >>> [apiv2][body] POST https://cloudresourcemanager.googleapis.com/v1/projects/post-world-app:testIamPermissions {"permissions":["cloudfunctions.functions.setIamPolicy"]}
[debug] [2023-10-05T17:34:06.712Z] <<< [apiv2][status] POST https://cloudresourcemanager.googleapis.com/v1/projects/post-world-app:testIamPermissions 200
[debug] [2023-10-05T17:34:06.712Z] <<< [apiv2][body] POST https://cloudresourcemanager.googleapis.com/v1/projects/post-world-app:testIamPermissions {"permissions":["cloudfunctions.functions.setIamPolicy"]}
[debug] [2023-10-05T17:34:06.712Z] [functions] found setIamPolicy permission, proceeding with deploy
[debug] [2023-10-05T17:34:06.713Z] >>> [apiv2][query] POST https://cloudfunctions.googleapis.com/v1/projects/post-world-app/locations/us-central1/functions:generateUploadUrl [none]
[debug] [2023-10-05T17:34:06.713Z] >>> [apiv2][body] POST https://cloudfunctions.googleapis.com/v1/projects/post-world-app/locations/us-central1/functions:generateUploadUrl {}
[debug] [2023-10-05T17:34:07.272Z] <<< [apiv2][status] POST https://cloudfunctions.googleapis.com/v1/projects/post-world-app/locations/us-central1/functions:generateUploadUrl 200
[debug] [2023-10-05T17:34:07.272Z] <<< [apiv2][body] POST https://cloudfunctions.googleapis.com/v1/projects/post-world-app/locations/us-central1/functions:generateUploadUrl {"uploadUrl":"https://storage.googleapis.com/uploads-785364811186.us-central1.cloudfunctions.appspot.com/33623613-a704-46c9-9337-9df815667cdb.zip?GoogleAccessId=service-742386702580@gcf-admin-robot.iam.gserviceaccount.com&Expires=1696529047&Signature=FHERXd3qyCY0iw7cOYjblp77KegBpivUdtGIndGxcEZ4WHKbvSQ2Fvf8xHfR3NYp267%2FOhdfYLr3E8iGP6DxzlfTHsybtQ0J%2FUO7ayO1uN2g2J8hCN7V1g%2FwxXUje1eD3Ffxq0pa9fSZ8SEnXDoLIYRxXKJf4I8Om4NcsnwppG3Sa2N91SIodrLXVxg5ynSFenrjZfhyZF3nUa%2FHILxCWtOFdeb%2FBeoI71CeAYRisVXGK4Xm7Fuh97IqkoGWexBdVKHYkiMaA%2FjC9X1l32pdiPAh7dGMpQf10JQrv%2BLvOz8gM8NpX6Jj3C2hfOQWUYvZpuIDt5FwCpmFOTWcoMGeuQ%3D%3D"}
[debug] [2023-10-05T17:34:07.273Z] >>> [apiv2][query] PUT https://storage.googleapis.com/uploads-785364811186.us-central1.cloudfunctions.appspot.com/33623613-a704-46c9-9337-9df815667cdb.zip GoogleAccessId=service-742386702580%40gcf-admin-robot.iam.gserviceaccount.com&Expires=1696529047&Signature=FHERXd3qyCY0iw7cOYjblp77KegBpivUdtGIndGxcEZ4WHKbvSQ2Fvf8xHfR3NYp267%2FOhdfYLr3E8iGP6DxzlfTHsybtQ0J%2FUO7ayO1uN2g2J8hCN7V1g%2FwxXUje1eD3Ffxq0pa9fSZ8SEnXDoLIYRxXKJf4I8Om4NcsnwppG3Sa2N91SIodrLXVxg5ynSFenrjZfhyZF3nUa%2FHILxCWtOFdeb%2FBeoI71CeAYRisVXGK4Xm7Fuh97IqkoGWexBdVKHYkiMaA%2FjC9X1l32pdiPAh7dGMpQf10JQrv%2BLvOz8gM8NpX6Jj3C2hfOQWUYvZpuIDt5FwCpmFOTWcoMGeuQ%3D%3D
[debug] [2023-10-05T17:34:07.273Z] >>> [apiv2][body] PUT https://storage.googleapis.com/uploads-785364811186.us-central1.cloudfunctions.appspot.com/33623613-a704-46c9-9337-9df815667cdb.zip [stream]
[debug] [2023-10-05T17:34:07.604Z] <<< [apiv2][status] PUT https://storage.googleapis.com/uploads-785364811186.us-central1.cloudfunctions.appspot.com/33623613-a704-46c9-9337-9df815667cdb.zip 200
[debug] [2023-10-05T17:34:07.604Z] <<< [apiv2][body] PUT https://storage.googleapis.com/uploads-785364811186.us-central1.cloudfunctions.appspot.com/33623613-a704-46c9-9337-9df815667cdb.zip [omitted]
[info] +  functions: functions folder uploaded successfully 
[info] i  functions: creating Node.js 18 (1st Gen) function neon(us-central1)... 
[debug] [2023-10-05T17:34:07.607Z] >>> [apiv2][query] POST https://cloudfunctions.googleapis.com/v1/projects/post-world-app/locations/us-central1/functions [none]
[debug] [2023-10-05T17:34:07.607Z] >>> [apiv2][body] POST https://cloudfunctions.googleapis.com/v1/projects/post-world-app/locations/us-central1/functions {"name":"projects/post-world-app/locations/us-central1/functions/neon","sourceUploadUrl":"https://storage.googleapis.com/uploads-785364811186.us-central1.cloudfunctions.appspot.com/33623613-a704-46c9-9337-9df815667cdb.zip?GoogleAccessId=service-742386702580@gcf-admin-robot.iam.gserviceaccount.com&Expires=1696529047&Signature=FHERXd3qyCY0iw7cOYjblp77KegBpivUdtGIndGxcEZ4WHKbvSQ2Fvf8xHfR3NYp267%2FOhdfYLr3E8iGP6DxzlfTHsybtQ0J%2FUO7ayO1uN2g2J8hCN7V1g%2FwxXUje1eD3Ffxq0pa9fSZ8SEnXDoLIYRxXKJf4I8Om4NcsnwppG3Sa2N91SIodrLXVxg5ynSFenrjZfhyZF3nUa%2FHILxCWtOFdeb%2FBeoI71CeAYRisVXGK4Xm7Fuh97IqkoGWexBdVKHYkiMaA%2FjC9X1l32pdiPAh7dGMpQf10JQrv%2BLvOz8gM8NpX6Jj3C2hfOQWUYvZpuIDt5FwCpmFOTWcoMGeuQ%3D%3D","entryPoint":"neon","runtime":"nodejs18","dockerRegistry":"ARTIFACT_REGISTRY","labels":{"deployment-tool":"cli-firebase","firebase-functions-hash":"b4e3f05494f3109b26c4e9fa9fc43db1b78d0b51"},"httpsTrigger":{"securityLevel":"SECURE_ALWAYS"},"minInstances":null,"maxInstances":null,"ingressSettings":null,"environmentVariables":{"FIREBASE_CONFIG":"{\"projectId\":\"post-world-app\",\"databaseURL\":\"https://post-world-app-default-rtdb.firebaseio.com\",\"storageBucket\":\"post-world-app.appspot.com\",\"locationId\":\"us-central\"}","GCLOUD_PROJECT":"post-world-app","EVENTARC_CLOUD_EVENT_SOURCE":"projects/post-world-app/locations/us-central1/functions/neon"},"serviceAccountEmail":null,"availableMemoryMb":null,"timeout":null,"vpcConnector":null,"vpcConnectorEgressSettings":null,"buildEnvironmentVariables":{"GOOGLE_NODE_RUN_SCRIPTS":""}}
[debug] [2023-10-05T17:34:08.146Z] <<< [apiv2][status] POST https://cloudfunctions.googleapis.com/v1/projects/post-world-app/locations/us-central1/functions 200
[debug] [2023-10-05T17:34:08.146Z] <<< [apiv2][body] POST https://cloudfunctions.googleapis.com/v1/projects/post-world-app/locations/us-central1/functions {"name":"operations/cG9zdC13b3JsZC1hcHAvdXMtY2VudHJhbDEvbmVvbi90QVBUdjhLLWtyUQ","metadata":{"@type":"type.googleapis.com/google.cloud.functions.v1.OperationMetadataV1","target":"projects/post-world-app/locations/us-central1/functions/neon","type":"CREATE_FUNCTION","request":{"@type":"type.googleapis.com/google.cloud.functions.v1.CloudFunction","name":"projects/post-world-app/locations/us-central1/functions/neon","httpsTrigger":{"securityLevel":"SECURE_ALWAYS"},"entryPoint":"neon","labels":{"deployment-tool":"cli-firebase","firebase-functions-hash":"b4e3f05494f3109b26c4e9fa9fc43db1b78d0b51"},"sourceUploadUrl":"https://storage.googleapis.com/uploads-785364811186.us-central1.cloudfunctions.appspot.com/33623613-a704-46c9-9337-9df815667cdb.zip?GoogleAccessId=service-742386702580@gcf-admin-robot.iam.gserviceaccount.com&Expires=1696529047&Signature=FHERXd3qyCY0iw7cOYjblp77KegBpivUdtGIndGxcEZ4WHKbvSQ2Fvf8xHfR3NYp267%2FOhdfYLr3E8iGP6DxzlfTHsybtQ0J%2FUO7ayO1uN2g2J8hCN7V1g%2FwxXUje1eD3Ffxq0pa9fSZ8SEnXDoLIYRxXKJf4I8Om4NcsnwppG3Sa2N91SIodrLXVxg5ynSFenrjZfhyZF3nUa%2FHILxCWtOFdeb%2FBeoI71CeAYRisVXGK4Xm7Fuh97IqkoGWexBdVKHYkiMaA%2FjC9X1l32pdiPAh7dGMpQf10JQrv%2BLvOz8gM8NpX6Jj3C2hfOQWUYvZpuIDt5FwCpmFOTWcoMGeuQ%3D%3D","environmentVariables":{"FIREBASE_CONFIG":"{\"projectId\":\"post-world-app\",\"databaseURL\":\"https://post-world-app-default-rtdb.firebaseio.com\",\"storageBucket\":\"post-world-app.appspot.com\",\"locationId\":\"us-central\"}","GCLOUD_PROJECT":"post-world-app","EVENTARC_CLOUD_EVENT_SOURCE":"projects/post-world-app/locations/us-central1/functions/neon"},"runtime":"nodejs18","buildEnvironmentVariables":{"GOOGLE_NODE_RUN_SCRIPTS":""},"dockerRegistry":"ARTIFACT_REGISTRY"},"versionId":"1","updateTime":"2023-10-05T17:34:08Z"}}
[debug] [2023-10-05T17:34:08.146Z] >>> [apiv2][query] GET https://cloudfunctions.googleapis.com/v1/operations/cG9zdC13b3JsZC1hcHAvdXMtY2VudHJhbDEvbmVvbi90QVBUdjhLLWtyUQ [none]
[debug] [2023-10-05T17:34:08.431Z] <<< [apiv2][status] GET https://cloudfunctions.googleapis.com/v1/operations/cG9zdC13b3JsZC1hcHAvdXMtY2VudHJhbDEvbmVvbi90QVBUdjhLLWtyUQ 200
[debug] [2023-10-05T17:34:08.431Z] <<< [apiv2][body] GET https://cloudfunctions.googleapis.com/v1/operations/cG9zdC13b3JsZC1hcHAvdXMtY2VudHJhbDEvbmVvbi90QVBUdjhLLWtyUQ {"name":"operations/cG9zdC13b3JsZC1hcHAvdXMtY2VudHJhbDEvbmVvbi90QVBUdjhLLWtyUQ","metadata":{"@type":"type.googleapis.com/google.cloud.functions.v1.OperationMetadataV1","target":"projects/post-world-app/locations/us-central1/functions/neon","type":"CREATE_FUNCTION","request":{"@type":"type.googleapis.com/google.cloud.functions.v1.CloudFunction","name":"projects/post-world-app/locations/us-central1/functions/neon","httpsTrigger":{"securityLevel":"SECURE_ALWAYS"},"entryPoint":"neon","labels":{"deployment-tool":"cli-firebase","firebase-functions-hash":"b4e3f05494f3109b26c4e9fa9fc43db1b78d0b51"},"sourceUploadUrl":"https://storage.googleapis.com/uploads-785364811186.us-central1.cloudfunctions.appspot.com/33623613-a704-46c9-9337-9df815667cdb.zip?GoogleAccessId=service-742386702580@gcf-admin-robot.iam.gserviceaccount.com&Expires=1696529047&Signature=FHERXd3qyCY0iw7cOYjblp77KegBpivUdtGIndGxcEZ4WHKbvSQ2Fvf8xHfR3NYp267%2FOhdfYLr3E8iGP6DxzlfTHsybtQ0J%2FUO7ayO1uN2g2J8hCN7V1g%2FwxXUje1eD3Ffxq0pa9fSZ8SEnXDoLIYRxXKJf4I8Om4NcsnwppG3Sa2N91SIodrLXVxg5ynSFenrjZfhyZF3nUa%2FHILxCWtOFdeb%2FBeoI71CeAYRisVXGK4Xm7Fuh97IqkoGWexBdVKHYkiMaA%2FjC9X1l32pdiPAh7dGMpQf10JQrv%2BLvOz8gM8NpX6Jj3C2hfOQWUYvZpuIDt5FwCpmFOTWcoMGeuQ%3D%3D","environmentVariables":{"FIREBASE_CONFIG":"{\"projectId\":\"post-world-app\",\"databaseURL\":\"https://post-world-app-default-rtdb.firebaseio.com\",\"storageBucket\":\"post-world-app.appspot.com\",\"locationId\":\"us-central\"}","GCLOUD_PROJECT":"post-world-app","EVENTARC_CLOUD_EVENT_SOURCE":"projects/post-world-app/locations/us-central1/functions/neon"},"runtime":"nodejs18","buildEnvironmentVariables":{"GOOGLE_NODE_RUN_SCRIPTS":""},"dockerRegistry":"ARTIFACT_REGISTRY"},"versionId":"1","updateTime":"2023-10-05T17:34:08Z"}}
[debug] [2023-10-05T17:34:08.934Z] [create-default-us-central1-neon] Retrying task index 0
[debug] [2023-10-05T17:34:08.934Z] >>> [apiv2][query] GET https://cloudfunctions.googleapis.com/v1/operations/cG9zdC13b3JsZC1hcHAvdXMtY2VudHJhbDEvbmVvbi90QVBUdjhLLWtyUQ [none]
[debug] [2023-10-05T17:34:09.226Z] <<< [apiv2][status] GET https://cloudfunctions.googleapis.com/v1/operations/cG9zdC13b3JsZC1hcHAvdXMtY2VudHJhbDEvbmVvbi90QVBUdjhLLWtyUQ 200
[debug] [2023-10-05T17:34:09.226Z] <<< [apiv2][body] GET https://cloudfunctions.googleapis.com/v1/operations/cG9zdC13b3JsZC1hcHAvdXMtY2VudHJhbDEvbmVvbi90QVBUdjhLLWtyUQ {"name":"operations/cG9zdC13b3JsZC1hcHAvdXMtY2VudHJhbDEvbmVvbi90QVBUdjhLLWtyUQ","metadata":{"@type":"type.googleapis.com/google.cloud.functions.v1.OperationMetadataV1","target":"projects/post-world-app/locations/us-central1/functions/neon","type":"CREATE_FUNCTION","request":{"@type":"type.googleapis.com/google.cloud.functions.v1.CloudFunction","name":"projects/post-world-app/locations/us-central1/functions/neon","httpsTrigger":{"securityLevel":"SECURE_ALWAYS"},"entryPoint":"neon","labels":{"deployment-tool":"cli-firebase","firebase-functions-hash":"b4e3f05494f3109b26c4e9fa9fc43db1b78d0b51"},"sourceUploadUrl":"https://storage.googleapis.com/uploads-785364811186.us-central1.cloudfunctions.appspot.com/33623613-a704-46c9-9337-9df815667cdb.zip?GoogleAccessId=service-742386702580@gcf-admin-robot.iam.gserviceaccount.com&Expires=1696529047&Signature=FHERXd3qyCY0iw7cOYjblp77KegBpivUdtGIndGxcEZ4WHKbvSQ2Fvf8xHfR3NYp267%2FOhdfYLr3E8iGP6DxzlfTHsybtQ0J%2FUO7ayO1uN2g2J8hCN7V1g%2FwxXUje1eD3Ffxq0pa9fSZ8SEnXDoLIYRxXKJf4I8Om4NcsnwppG3Sa2N91SIodrLXVxg5ynSFenrjZfhyZF3nUa%2FHILxCWtOFdeb%2FBeoI71CeAYRisVXGK4Xm7Fuh97IqkoGWexBdVKHYkiMaA%2FjC9X1l32pdiPAh7dGMpQf10JQrv%2BLvOz8gM8NpX6Jj3C2hfOQWUYvZpuIDt5FwCpmFOTWcoMGeuQ%3D%3D","environmentVariables":{"FIREBASE_CONFIG":"{\"projectId\":\"post-world-app\",\"databaseURL\":\"https://post-world-app-default-rtdb.firebaseio.com\",\"storageBucket\":\"post-world-app.appspot.com\",\"locationId\":\"us-central\"}","GCLOUD_PROJECT":"post-world-app","EVENTARC_CLOUD_EVENT_SOURCE":"projects/post-world-app/locations/us-central1/functions/neon"},"runtime":"nodejs18","buildEnvironmentVariables":{"GOOGLE_NODE_RUN_SCRIPTS":""},"dockerRegistry":"ARTIFACT_REGISTRY"},"versionId":"1","updateTime":"2023-10-05T17:34:08Z","buildId":"46043736-f841-46d2-9d66-455e9dd25477","buildName":"projects/742386702580/locations/us-central1/builds/46043736-f841-46d2-9d66-455e9dd25477"}}
[debug] [2023-10-05T17:34:10.231Z] [create-default-us-central1-neon] Retrying task index 0
[debug] [2023-10-05T17:34:10.232Z] >>> [apiv2][query] GET https://cloudfunctions.googleapis.com/v1/operations/cG9zdC13b3JsZC1hcHAvdXMtY2VudHJhbDEvbmVvbi90QVBUdjhLLWtyUQ [none]
[debug] [2023-10-05T17:34:10.532Z] <<< [apiv2][status] GET https://cloudfunctions.googleapis.com/v1/operations/cG9zdC13b3JsZC1hcHAvdXMtY2VudHJhbDEvbmVvbi90QVBUdjhLLWtyUQ 200
[debug] [2023-10-05T17:34:10.532Z] <<< [apiv2][body] GET https://cloudfunctions.googleapis.com/v1/operations/cG9zdC13b3JsZC1hcHAvdXMtY2VudHJhbDEvbmVvbi90QVBUdjhLLWtyUQ {"name":"operations/cG9zdC13b3JsZC1hcHAvdXMtY2VudHJhbDEvbmVvbi90QVBUdjhLLWtyUQ","metadata":{"@type":"type.googleapis.com/google.cloud.functions.v1.OperationMetadataV1","target":"projects/post-world-app/locations/us-central1/functions/neon","type":"CREATE_FUNCTION","request":{"@type":"type.googleapis.com/google.cloud.functions.v1.CloudFunction","name":"projects/post-world-app/locations/us-central1/functions/neon","httpsTrigger":{"securityLevel":"SECURE_ALWAYS"},"entryPoint":"neon","labels":{"deployment-tool":"cli-firebase","firebase-functions-hash":"b4e3f05494f3109b26c4e9fa9fc43db1b78d0b51"},"sourceUploadUrl":"https://storage.googleapis.com/uploads-785364811186.us-central1.cloudfunctions.appspot.com/33623613-a704-46c9-9337-9df815667cdb.zip?GoogleAccessId=service-742386702580@gcf-admin-robot.iam.gserviceaccount.com&Expires=1696529047&Signature=FHERXd3qyCY0iw7cOYjblp77KegBpivUdtGIndGxcEZ4WHKbvSQ2Fvf8xHfR3NYp267%2FOhdfYLr3E8iGP6DxzlfTHsybtQ0J%2FUO7ayO1uN2g2J8hCN7V1g%2FwxXUje1eD3Ffxq0pa9fSZ8SEnXDoLIYRxXKJf4I8Om4NcsnwppG3Sa2N91SIodrLXVxg5ynSFenrjZfhyZF3nUa%2FHILxCWtOFdeb%2FBeoI71CeAYRisVXGK4Xm7Fuh97IqkoGWexBdVKHYkiMaA%2FjC9X1l32pdiPAh7dGMpQf10JQrv%2BLvOz8gM8NpX6Jj3C2hfOQWUYvZpuIDt5FwCpmFOTWcoMGeuQ%3D%3D","environmentVariables":{"FIREBASE_CONFIG":"{\"projectId\":\"post-world-app\",\"databaseURL\":\"https://post-world-app-default-rtdb.firebaseio.com\",\"storageBucket\":\"post-world-app.appspot.com\",\"locationId\":\"us-central\"}","GCLOUD_PROJECT":"post-world-app","EVENTARC_CLOUD_EVENT_SOURCE":"projects/post-world-app/locations/us-central1/functions/neon"},"runtime":"nodejs18","buildEnvironmentVariables":{"GOOGLE_NODE_RUN_SCRIPTS":""},"dockerRegistry":"ARTIFACT_REGISTRY"},"versionId":"1","updateTime":"2023-10-05T17:34:08Z","buildId":"46043736-f841-46d2-9d66-455e9dd25477","buildName":"projects/742386702580/locations/us-central1/builds/46043736-f841-46d2-9d66-455e9dd25477"}}
[debug] [2023-10-05T17:34:12.537Z] [create-default-us-central1-neon] Retrying task index 0
[debug] [2023-10-05T17:34:12.537Z] >>> [apiv2][query] GET https://cloudfunctions.googleapis.com/v1/operations/cG9zdC13b3JsZC1hcHAvdXMtY2VudHJhbDEvbmVvbi90QVBUdjhLLWtyUQ [none]
[debug] [2023-10-05T17:34:12.841Z] <<< [apiv2][status] GET https://cloudfunctions.googleapis.com/v1/operations/cG9zdC13b3JsZC1hcHAvdXMtY2VudHJhbDEvbmVvbi90QVBUdjhLLWtyUQ 200
[debug] [2023-10-05T17:34:12.841Z] <<< [apiv2][body] GET https://cloudfunctions.googleapis.com/v1/operations/cG9zdC13b3JsZC1hcHAvdXMtY2VudHJhbDEvbmVvbi90QVBUdjhLLWtyUQ {"name":"operations/cG9zdC13b3JsZC1hcHAvdXMtY2VudHJhbDEvbmVvbi90QVBUdjhLLWtyUQ","metadata":{"@type":"type.googleapis.com/google.cloud.functions.v1.OperationMetadataV1","target":"projects/post-world-app/locations/us-central1/functions/neon","type":"CREATE_FUNCTION","request":{"@type":"type.googleapis.com/google.cloud.functions.v1.CloudFunction","name":"projects/post-world-app/locations/us-central1/functions/neon","httpsTrigger":{"securityLevel":"SECURE_ALWAYS"},"entryPoint":"neon","labels":{"deployment-tool":"cli-firebase","firebase-functions-hash":"b4e3f05494f3109b26c4e9fa9fc43db1b78d0b51"},"sourceUploadUrl":"https://storage.googleapis.com/uploads-785364811186.us-central1.cloudfunctions.appspot.com/33623613-a704-46c9-9337-9df815667cdb.zip?GoogleAccessId=service-742386702580@gcf-admin-robot.iam.gserviceaccount.com&Expires=1696529047&Signature=FHERXd3qyCY0iw7cOYjblp77KegBpivUdtGIndGxcEZ4WHKbvSQ2Fvf8xHfR3NYp267%2FOhdfYLr3E8iGP6DxzlfTHsybtQ0J%2FUO7ayO1uN2g2J8hCN7V1g%2FwxXUje1eD3Ffxq0pa9fSZ8SEnXDoLIYRxXKJf4I8Om4NcsnwppG3Sa2N91SIodrLXVxg5ynSFenrjZfhyZF3nUa%2FHILxCWtOFdeb%2FBeoI71CeAYRisVXGK4Xm7Fuh97IqkoGWexBdVKHYkiMaA%2FjC9X1l32pdiPAh7dGMpQf10JQrv%2BLvOz8gM8NpX6Jj3C2hfOQWUYvZpuIDt5FwCpmFOTWcoMGeuQ%3D%3D","environmentVariables":{"FIREBASE_CONFIG":"{\"projectId\":\"post-world-app\",\"databaseURL\":\"https://post-world-app-default-rtdb.firebaseio.com\",\"storageBucket\":\"post-world-app.appspot.com\",\"locationId\":\"us-central\"}","GCLOUD_PROJECT":"post-world-app","EVENTARC_CLOUD_EVENT_SOURCE":"projects/post-world-app/locations/us-central1/functions/neon"},"runtime":"nodejs18","buildEnvironmentVariables":{"GOOGLE_NODE_RUN_SCRIPTS":""},"dockerRegistry":"ARTIFACT_REGISTRY"},"versionId":"1","updateTime":"2023-10-05T17:34:08Z","buildId":"46043736-f841-46d2-9d66-455e9dd25477","buildName":"projects/742386702580/locations/us-central1/builds/46043736-f841-46d2-9d66-455e9dd25477"}}
[debug] [2023-10-05T17:34:16.855Z] [create-default-us-central1-neon] Retrying task index 0
[debug] [2023-10-05T17:34:16.856Z] >>> [apiv2][query] GET https://cloudfunctions.googleapis.com/v1/operations/cG9zdC13b3JsZC1hcHAvdXMtY2VudHJhbDEvbmVvbi90QVBUdjhLLWtyUQ [none]
[debug] [2023-10-05T17:34:17.161Z] <<< [apiv2][status] GET https://cloudfunctions.googleapis.com/v1/operations/cG9zdC13b3JsZC1hcHAvdXMtY2VudHJhbDEvbmVvbi90QVBUdjhLLWtyUQ 200
[debug] [2023-10-05T17:34:17.161Z] <<< [apiv2][body] GET https://cloudfunctions.googleapis.com/v1/operations/cG9zdC13b3JsZC1hcHAvdXMtY2VudHJhbDEvbmVvbi90QVBUdjhLLWtyUQ {"name":"operations/cG9zdC13b3JsZC1hcHAvdXMtY2VudHJhbDEvbmVvbi90QVBUdjhLLWtyUQ","metadata":{"@type":"type.googleapis.com/google.cloud.functions.v1.OperationMetadataV1","target":"projects/post-world-app/locations/us-central1/functions/neon","type":"CREATE_FUNCTION","request":{"@type":"type.googleapis.com/google.cloud.functions.v1.CloudFunction","name":"projects/post-world-app/locations/us-central1/functions/neon","httpsTrigger":{"securityLevel":"SECURE_ALWAYS"},"entryPoint":"neon","labels":{"deployment-tool":"cli-firebase","firebase-functions-hash":"b4e3f05494f3109b26c4e9fa9fc43db1b78d0b51"},"sourceUploadUrl":"https://storage.googleapis.com/uploads-785364811186.us-central1.cloudfunctions.appspot.com/33623613-a704-46c9-9337-9df815667cdb.zip?GoogleAccessId=service-742386702580@gcf-admin-robot.iam.gserviceaccount.com&Expires=1696529047&Signature=FHERXd3qyCY0iw7cOYjblp77KegBpivUdtGIndGxcEZ4WHKbvSQ2Fvf8xHfR3NYp267%2FOhdfYLr3E8iGP6DxzlfTHsybtQ0J%2FUO7ayO1uN2g2J8hCN7V1g%2FwxXUje1eD3Ffxq0pa9fSZ8SEnXDoLIYRxXKJf4I8Om4NcsnwppG3Sa2N91SIodrLXVxg5ynSFenrjZfhyZF3nUa%2FHILxCWtOFdeb%2FBeoI71CeAYRisVXGK4Xm7Fuh97IqkoGWexBdVKHYkiMaA%2FjC9X1l32pdiPAh7dGMpQf10JQrv%2BLvOz8gM8NpX6Jj3C2hfOQWUYvZpuIDt5FwCpmFOTWcoMGeuQ%3D%3D","environmentVariables":{"FIREBASE_CONFIG":"{\"projectId\":\"post-world-app\",\"databaseURL\":\"https://post-world-app-default-rtdb.firebaseio.com\",\"storageBucket\":\"post-world-app.appspot.com\",\"locationId\":\"us-central\"}","GCLOUD_PROJECT":"post-world-app","EVENTARC_CLOUD_EVENT_SOURCE":"projects/post-world-app/locations/us-central1/functions/neon"},"runtime":"nodejs18","buildEnvironmentVariables":{"GOOGLE_NODE_RUN_SCRIPTS":""},"dockerRegistry":"ARTIFACT_REGISTRY"},"versionId":"1","updateTime":"2023-10-05T17:34:08Z","buildId":"46043736-f841-46d2-9d66-455e9dd25477","buildName":"projects/742386702580/locations/us-central1/builds/46043736-f841-46d2-9d66-455e9dd25477"}}
[debug] [2023-10-05T17:34:25.169Z] [create-default-us-central1-neon] Retrying task index 0
[debug] [2023-10-05T17:34:25.169Z] >>> [apiv2][query] GET https://cloudfunctions.googleapis.com/v1/operations/cG9zdC13b3JsZC1hcHAvdXMtY2VudHJhbDEvbmVvbi90QVBUdjhLLWtyUQ [none]
[debug] [2023-10-05T17:34:25.460Z] <<< [apiv2][status] GET https://cloudfunctions.googleapis.com/v1/operations/cG9zdC13b3JsZC1hcHAvdXMtY2VudHJhbDEvbmVvbi90QVBUdjhLLWtyUQ 200
[debug] [2023-10-05T17:34:25.461Z] <<< [apiv2][body] GET https://cloudfunctions.googleapis.com/v1/operations/cG9zdC13b3JsZC1hcHAvdXMtY2VudHJhbDEvbmVvbi90QVBUdjhLLWtyUQ {"name":"operations/cG9zdC13b3JsZC1hcHAvdXMtY2VudHJhbDEvbmVvbi90QVBUdjhLLWtyUQ","metadata":{"@type":"type.googleapis.com/google.cloud.functions.v1.OperationMetadataV1","target":"projects/post-world-app/locations/us-central1/functions/neon","type":"CREATE_FUNCTION","request":{"@type":"type.googleapis.com/google.cloud.functions.v1.CloudFunction","name":"projects/post-world-app/locations/us-central1/functions/neon","httpsTrigger":{"securityLevel":"SECURE_ALWAYS"},"entryPoint":"neon","labels":{"deployment-tool":"cli-firebase","firebase-functions-hash":"b4e3f05494f3109b26c4e9fa9fc43db1b78d0b51"},"sourceUploadUrl":"https://storage.googleapis.com/uploads-785364811186.us-central1.cloudfunctions.appspot.com/33623613-a704-46c9-9337-9df815667cdb.zip?GoogleAccessId=service-742386702580@gcf-admin-robot.iam.gserviceaccount.com&Expires=1696529047&Signature=FHERXd3qyCY0iw7cOYjblp77KegBpivUdtGIndGxcEZ4WHKbvSQ2Fvf8xHfR3NYp267%2FOhdfYLr3E8iGP6DxzlfTHsybtQ0J%2FUO7ayO1uN2g2J8hCN7V1g%2FwxXUje1eD3Ffxq0pa9fSZ8SEnXDoLIYRxXKJf4I8Om4NcsnwppG3Sa2N91SIodrLXVxg5ynSFenrjZfhyZF3nUa%2FHILxCWtOFdeb%2FBeoI71CeAYRisVXGK4Xm7Fuh97IqkoGWexBdVKHYkiMaA%2FjC9X1l32pdiPAh7dGMpQf10JQrv%2BLvOz8gM8NpX6Jj3C2hfOQWUYvZpuIDt5FwCpmFOTWcoMGeuQ%3D%3D","environmentVariables":{"FIREBASE_CONFIG":"{\"projectId\":\"post-world-app\",\"databaseURL\":\"https://post-world-app-default-rtdb.firebaseio.com\",\"storageBucket\":\"post-world-app.appspot.com\",\"locationId\":\"us-central\"}","GCLOUD_PROJECT":"post-world-app","EVENTARC_CLOUD_EVENT_SOURCE":"projects/post-world-app/locations/us-central1/functions/neon"},"runtime":"nodejs18","buildEnvironmentVariables":{"GOOGLE_NODE_RUN_SCRIPTS":""},"dockerRegistry":"ARTIFACT_REGISTRY"},"versionId":"1","updateTime":"2023-10-05T17:34:08Z","buildId":"46043736-f841-46d2-9d66-455e9dd25477","buildName":"projects/742386702580/locations/us-central1/builds/46043736-f841-46d2-9d66-455e9dd25477"}}
[debug] [2023-10-05T17:34:35.469Z] [create-default-us-central1-neon] Retrying task index 0
[debug] [2023-10-05T17:34:35.469Z] >>> [apiv2][query] GET https://cloudfunctions.googleapis.com/v1/operations/cG9zdC13b3JsZC1hcHAvdXMtY2VudHJhbDEvbmVvbi90QVBUdjhLLWtyUQ [none]
[debug] [2023-10-05T17:34:35.758Z] <<< [apiv2][status] GET https://cloudfunctions.googleapis.com/v1/operations/cG9zdC13b3JsZC1hcHAvdXMtY2VudHJhbDEvbmVvbi90QVBUdjhLLWtyUQ 200
[debug] [2023-10-05T17:34:35.758Z] <<< [apiv2][body] GET https://cloudfunctions.googleapis.com/v1/operations/cG9zdC13b3JsZC1hcHAvdXMtY2VudHJhbDEvbmVvbi90QVBUdjhLLWtyUQ {"name":"operations/cG9zdC13b3JsZC1hcHAvdXMtY2VudHJhbDEvbmVvbi90QVBUdjhLLWtyUQ","metadata":{"@type":"type.googleapis.com/google.cloud.functions.v1.OperationMetadataV1","target":"projects/post-world-app/locations/us-central1/functions/neon","type":"CREATE_FUNCTION","request":{"@type":"type.googleapis.com/google.cloud.functions.v1.CloudFunction","name":"projects/post-world-app/locations/us-central1/functions/neon","httpsTrigger":{"securityLevel":"SECURE_ALWAYS"},"entryPoint":"neon","labels":{"deployment-tool":"cli-firebase","firebase-functions-hash":"b4e3f05494f3109b26c4e9fa9fc43db1b78d0b51"},"sourceUploadUrl":"https://storage.googleapis.com/uploads-785364811186.us-central1.cloudfunctions.appspot.com/33623613-a704-46c9-9337-9df815667cdb.zip?GoogleAccessId=service-742386702580@gcf-admin-robot.iam.gserviceaccount.com&Expires=1696529047&Signature=FHERXd3qyCY0iw7cOYjblp77KegBpivUdtGIndGxcEZ4WHKbvSQ2Fvf8xHfR3NYp267%2FOhdfYLr3E8iGP6DxzlfTHsybtQ0J%2FUO7ayO1uN2g2J8hCN7V1g%2FwxXUje1eD3Ffxq0pa9fSZ8SEnXDoLIYRxXKJf4I8Om4NcsnwppG3Sa2N91SIodrLXVxg5ynSFenrjZfhyZF3nUa%2FHILxCWtOFdeb%2FBeoI71CeAYRisVXGK4Xm7Fuh97IqkoGWexBdVKHYkiMaA%2FjC9X1l32pdiPAh7dGMpQf10JQrv%2BLvOz8gM8NpX6Jj3C2hfOQWUYvZpuIDt5FwCpmFOTWcoMGeuQ%3D%3D","environmentVariables":{"FIREBASE_CONFIG":"{\"projectId\":\"post-world-app\",\"databaseURL\":\"https://post-world-app-default-rtdb.firebaseio.com\",\"storageBucket\":\"post-world-app.appspot.com\",\"locationId\":\"us-central\"}","GCLOUD_PROJECT":"post-world-app","EVENTARC_CLOUD_EVENT_SOURCE":"projects/post-world-app/locations/us-central1/functions/neon"},"runtime":"nodejs18","buildEnvironmentVariables":{"GOOGLE_NODE_RUN_SCRIPTS":""},"dockerRegistry":"ARTIFACT_REGISTRY"},"versionId":"1","updateTime":"2023-10-05T17:34:31Z","buildId":"46043736-f841-46d2-9d66-455e9dd25477","buildName":"projects/742386702580/locations/us-central1/builds/46043736-f841-46d2-9d66-455e9dd25477"},"done":true,"error":{"code":3,"message":"Build failed: npm ERR! code EUSAGE\nnpm ERR! \nnpm ERR! `npm ci` can only install packages when your package.json and package-lock.json or npm-shrinkwrap.json are in sync. Please update your lock file with `npm install` before continuing.\nnpm ERR! \nnpm ERR! Missing: jest@29.7.0 from lock file\nnpm ERR! Missing: @jest/core@29.7.0 from lock file\nnpm ERR! Missing: @jest/types@29.6.3 from lock file\nnpm ERR! Missing: import-local@3.1.0 from lock file\nnpm ERR! Missing: jest-cli@29.7.0 from lock file\nnpm ERR! Missing: @jest/console@29.7.0 from lock file\nnpm ERR! Missing: @jest/reporters@29.7.0 from lock file\nnpm ERR! Missing: @jest/test-result@29.7.0 from lock file\nnpm ERR! Missing: @jest/transform@29.7.0 from lock file\nnpm ERR! Missing: ansi-escapes@4.3.2 from lock file\nnpm ERR! Missing: ci-info@3.9.0 from lock file\nnpm ERR! Missing: exit@0.1.2 from lock file\nnpm ERR! Missing: jest-changed-files@29.7.0 from lock file\nnpm ERR! Missing: jest-config@29.7.0 from lock file\nnpm ERR! Missing: jest-haste-map@29.7.0 from lock file\nnpm ERR! Missing: jest-message-util@29.7.0 from lock file\nnpm ERR! Missing: jest-regex-util@29.6.3 from lock file\nnpm ERR! Missing: jest-resolve@29.7.0 from lock file\nnpm ERR! Missing: jest-resolve-dependencies@29.7.0 from lock file\nnpm ERR! Missing: jest-runner@29.7.0 from lock file\nnpm ERR! Missing: jest-runtime@29.7.0 from lock file\nnpm ERR! Missing: jest-snapshot@29.7.0 from lock file\nnpm ERR! Missing: jest-util@29.7.0 from lock file\nnpm ERR! Missing: jest-validate@29.7.0 from lock file\nnpm ERR! Missing: jest-watcher@29.7.0 from lock file\nnpm ERR! Missing: micromatch@4.0.5 from lock file\nnpm ERR! Missing: pretty-format@29.7.0 from lock file\nnpm ERR! Missing: slash@3.0.0 from lock file\nnpm ERR! Missing: @bcoe/v8-coverage@0.2.3 from lock file\nnpm ERR! Missing: @jridgewell/trace-mapping@0.3.19 from lock file\nnpm ERR! Missing: collect-v8-coverage@1.0.2 from lock file\nnpm ERR! Missing: glob@7.2.3 from lock file\nnpm ERR! Missing: istanbul-lib-coverage@3.2.0 from lock file\nnpm ERR! Missing: istanbul-lib-instrument@6.0.1 from lock file\nnpm ERR! Missing: istanbul-lib-report@3.0.1 from lock file\nnpm ERR! Missing: istanbul-lib-source-maps@4.0.1 from lock file\nnpm ERR! Missing: istanbul-reports@3.1.6 from lock file\nnpm ERR! Missing: jest-worker@29.7.0 from lock file\nnpm ERR! Missing: string-length@4.0.2 from lock file\nnpm ERR! Missing: v8-to-istanbul@9.1.3 from lock file\nnpm ERR! Missing: @types/istanbul-lib-coverage@2.0.4 from lock file\nnpm ERR! Missing: @babel/core@7.23.0 from lock file\nnpm ERR! Missing: babel-plugin-istanbul@6.1.1 from lock file\nnpm ERR! Missing: convert-source-map@2.0.0 from lock file\nnpm ERR! Missing: fast-json-stable-stringify@2.1.0 from lock file\nnpm ERR! Missing: pirates@4.0.6 from lock file\nnpm ERR! Missing: write-file-atomic@4.0.2 from lock file\nnpm ERR! Missing: @ampproject/remapping@2.2.1 from lock file\nnpm ERR! Missing: @babel/code-frame@7.22.13 from lock file\nnpm ERR! Missing: @babel/generator@7.23.0 from lock file\nnpm ERR! Missing: @babel/helper-compilation-targets@7.22.15 from lock file\nnpm ERR! Missing: @babel/helper-module-transforms@7.23.0 from lock file\nnpm ERR! Missing: @babel/helpers@7.23.1 from lock file\nnpm ERR! Invalid: lock file's @babel/parser@7.22.16 does not satisfy @babel/parser@7.23.0\nnpm ERR! Missing: @babel/template@7.22.15 from lock file\nnpm ERR! Missing: @babel/traverse@7.23.0 from lock file\nnpm ERR! Missing: @babel/types@7.23.0 from lock file\nnpm ERR! Missing: debug@4.3.4 from lock file\nnpm ERR! Missing: gensync@1.0.0-beta.2 from lock file\nnpm ERR! Missing: json5@2.2.3 from lock file\nnpm ERR! Missing: semver@6.3.1 from lock file\nnpm ERR! Missing: @jridgewell/gen-mapping@0.3.3 from lock file\nnpm ERR! Missing: @babel/highlight@7.22.20 from lock file\nnpm ERR! Missing: chalk@2.4.2 from lock file\nnpm ERR! Missing: jsesc@2.5.2 from lock file\nnpm ERR! Missing: @babel/compat-data@7.22.20 from lock file\nnpm ERR! Missing: @babel/helper-validator-option@7.22.15 from lock file\nnpm ERR! Missing: browserslist@4.22.1 from lock file\nnpm ERR! Missing: lru-cache@5.1.1 from lock file\nnpm ERR! Missing: semver@6.3.1 from lock file\nnpm ERR! Missing: @babel/helper-environment-visitor@7.22.20 from lock file\nnpm ERR! Missing: @babel/helper-module-imports@7.22.15 from lock file\nnpm ERR! Missing: @babel/helper-simple-access@7.22.5 from lock file\nnpm ERR! Missing: @babel/helper-split-export-declaration@7.22.6 from lock file\nnpm ERR! Missing: @babel/helper-validator-identifier@7.22.20 from lock file\nnpm ERR! Missing: chalk@2.4.2 from lock file\nnpm ERR! Missing: js-tokens@4.0.0 from lock file\nnpm ERR! Missing: @babel/helper-function-name@7.23.0 from lock file\nnpm ERR! Missing: @babel/helper-hoist-variables@7.22.5 from lock file\nnpm ERR! Missing: debug@4.3.4 from lock file\nnpm ERR! Missing: globals@11.12.0 from lock file\nnpm ERR! Missing: @babel/helper-string-parser@7.22.5 from lock file\nnpm ERR! Missing: to-fast-properties@2.0.0 from lock file\nnpm ERR! Missing: @jest/schemas@29.6.3 from lock file\nnpm ERR! Missing: @types/istanbul-reports@3.0.2 from lock file\nnpm ERR! Missing: @types/yargs@17.0.26 from lock file\nnpm ERR! Missing: @sinclair/typebox@0.27.8 from lock file\nnpm ERR! Missing: @jridgewell/set-array@1.1.2 from lock file\nnpm ERR! Missing: @jridgewell/sourcemap-codec@1.4.15 from lock file\nnpm ERR! Missing: @jridgewell/resolve-uri@3.1.1 from lock file\nnpm ERR! Missing: @types/istanbul-lib-report@3.0.1 from lock file\nnpm ERR! Missing: @types/yargs-parser@21.0.1 from lock file\nnpm ERR! Missing: type-fest@0.21.3 from lock file\nnpm ERR! Missing: @babel/helper-plugin-utils@7.22.5 from lock file\nnpm ERR! Missing: @istanbuljs/load-nyc-config@1.1.0 from lock file\nnpm ERR! Missing: @istanbuljs/schema@0.1.3 from lock file\nnpm ERR! Missing: istanbul-lib-instrument@5.2.1 from lock file\nnpm ERR! Missing: test-exclude@6.0.0 from lock file\nnpm ERR! Missing: camelcase@5.3.1 from lock file\nnpm ERR! Missing: find-up@4.1.0 from lock file\nnpm ERR! Missing: get-package-type@0.1.0 from lock file\nnpm ERR! Missing: js-yaml@3.14.1 from lock file\nnpm ERR! Missing: resolve-from@5.0.0 from lock file\nnpm ERR! Missing: caniuse-lite@1.0.30001546 from lock file\nnpm ERR! Missing: electron-to-chromium@1.4.542 from lock file\nnpm ERR! Missing: node-releases@2.0.13 from lock file\nnpm ERR! Missing: update-browserslist-db@1.0.13 from lock file\nnpm ERR! Missing: locate-path@5.0.0 from lock file\nnpm ERR! Missing: path-exists@4.0.0 from lock file\nnpm ERR! Missing: pkg-dir@4.2.0 from lock file\nnpm ERR! Missing: resolve-cwd@3.0.0 from lock file\nnpm ERR! Missing: make-dir@4.0.0 from lock file\nnpm ERR! Missing: debug@4.3.4 from lock file\nnpm ERR! Missing: html-escaper@2.0.2 from lock file\nnpm ERR! Missing: execa@5.1.1 from lock file\nnpm ERR! Missing: cross-spawn@7.0.3 from lock file\nnpm ERR! Missing: get-stream@6.0.1 from lock file\nnpm ERR! Missing: human-signals@2.1.0 from lock file\nnpm ERR! Missing: merge-stream@2.0.0 from lock file\nnpm ERR! Missing: npm-run-path@4.0.1 from lock file\nnpm ERR! Missing: onetime@5.1.2 from lock file\nnpm ERR! Missing: signal-exit@3.0.7 from lock file\nnpm ERR! Missing: strip-final-newline@2.0.0 from lock file\nnpm ERR! Missing: path-key@3.1.1 from lock file\nnpm ERR! Missing: shebang-command@2.0.0 from lock file\nnpm ERR! Missing: which@2.0.2 from lock file\nnpm ERR! Missing: create-jest@29.7.0 from lock file\nnpm ERR! Missing: prompts@2.4.2 from lock file\nnpm ERR! Missing: @jest/test-sequencer@29.7.0 from lock file\nnpm ERR! Missing: babel-jest@29.7.0 from lock file\nnpm ERR! Missing: deepmerge@4.3.1 from lock file\nnpm ERR! Missing: glob@7.2.3 from lock file\nnpm ERR! Missing: jest-circus@29.7.0 from lock file\nnpm ERR! Missing: jest-environment-node@29.7.0 from lock file\nnpm ERR! Missing: jest-get-type@29.6.3 from lock file\nnpm ERR! Missing: parse-json@5.2.0 from lock file\nnpm ERR! Missing: @types/babel__core@7.20.2 from lock file\nnpm ERR! Missing: babel-preset-jest@29.6.3 from lock file\nnpm ERR! Missing: @types/babel__generator@7.6.5 from lock file\nnpm ERR! Missing: @types/babel__template@7.4.2 from lock file\nnpm ERR! Missing: @types/babel__traverse@7.20.2 from lock file\nnpm ERR! Missing: babel-plugin-jest-hoist@29.6.3 from lock file\nnpm ERR! Missing: babel-preset-current-node-syntax@1.0.1 from lock file\nnpm ERR! Missing: @babel/plugin-syntax-async-generators@7.8.4 from lock file\nnpm ERR! Missing: @babel/plugin-syntax-bigint@7.8.3 from lock file\nnpm ERR! Missing: @babel/plugin-syntax-class-properties@7.12.13 from lock file\nnpm ERR! Missing: @babel/plugin-syntax-import-meta@7.10.4 from lock file\nnpm ERR! Missing: @babel/plugin-syntax-json-strings@7.8.3 from lock file\nnpm ERR! Missing: @babel/plugin-syntax-logical-assignment-operators@7.10.4 from lock file\nnpm ERR! Missing: @babel/plugin-syntax-nullish-coalescing-operator@7.8.3 from lock file\nnpm ERR! Missing: @babel/plugin-syntax-numeric-separator@7.10.4 from lock file\nnpm ERR! Missing: @babel/plugin-syntax-object-rest-spread@7.8.3 from lock file\nnpm ERR! Missing: @babel/plugin-syntax-optional-catch-binding@7.8.3 from lock file\nnpm ERR! Missing: @babel/plugin-syntax-optional-chaining@7.8.3 from lock file\nnpm ERR! Missing: @babel/plugin-syntax-top-level-await@7.14.5 from lock file\nnpm ERR! Missing: @jest/environment@29.7.0 from lock file\nnpm ERR! Missing: @jest/expect@29.7.0 from lock file\nnpm ERR! Missing: co@4.6.0 from lock file\nnpm ERR! Missing: dedent@1.5.1 from lock file\nnpm ERR! Missing: is-generator-fn@2.1.0 from lock file\nnpm ERR! Missing: jest-each@29.7.0 from lock file\nnpm ERR! Missing: jest-matcher-utils@29.7.0 from lock file\nnpm ERR! Missing: pure-rand@6.0.4 from lock file\nnpm ERR! Missing: stack-utils@2.0.6 from lock file\nnpm ERR! Missing: @jest/fake-timers@29.7.0 from lock file\nnpm ERR! Missing: jest-mock@29.7.0 from lock file\nnpm ERR! Missing: expect@29.7.0 from lock file\nnpm ERR! Missing: @sinonjs/fake-timers@10.3.0 from lock file\nnpm ERR! Missing: @sinonjs/commons@3.0.0 from lock file\nnpm ERR! Missing: type-detect@4.0.8 from lock file\nnpm ERR! Missing: @jest/expect-utils@29.7.0 from lock file\nnpm ERR! Missing: @types/graceful-fs@4.1.7 from lock file\nnpm ERR! Missing: anymatch@3.1.3 from lock file\nnpm ERR! Missing: fb-watchman@2.0.2 from lock file\nnpm ERR! Missing: fsevents@2.3.3 from lock file\nnpm ERR! Missing: walker@1.0.8 from lock file\nnpm ERR! Missing: normalize-path@3.0.0 from lock file\nnpm ERR! Missing: picomatch@2.3.1 from lock file\nnpm ERR! Missing: bser@2.1.1 from lock file\nnpm ERR! Missing: node-int64@0.4.0 from lock file\nnpm ERR! Missing: jest-diff@29.7.0 from lock file\nnpm ERR! Missing: diff-sequences@29.6.3 from lock file\nnpm ERR! Missing: @types/stack-utils@2.0.1 from lock file\nnpm ERR! Missing: jest-pnp-resolver@1.2.3 from lock file\nnpm ERR! Missing: resolve@1.22.6 from lock file\nnpm ERR! Missing: resolve.exports@2.0.2 from lock file\nnpm ERR! Missing: emittery@0.13.1 from lock file\nnpm ERR! Missing: jest-docblock@29.7.0 from lock file\nnpm ERR! Missing: jest-leak-detector@29.7.0 from lock file\nnpm ERR! Missing: source-map-support@0.5.13 from lock file\nnpm ERR! Missing: detect-newline@3.1.0 from lock file\nnpm ERR! Missing: @jest/globals@29.7.0 from lock file\nnpm ERR! Missing: @jest/source-map@29.6.3 from lock file\nnpm ERR! Missing: cjs-module-lexer@1.2.3 from lock file\nnpm ERR! Missing: glob@7.2.3 from lock file\nnpm ERR! Missing: strip-bom@4.0.0 from lock file\nnpm ERR! Missing: callsites@3.1.0 from lock file\nnpm ERR! Missing: @babel/plugin-syntax-jsx@7.22.5 from lock file\nnpm ERR! Missing: @babel/plugin-syntax-typescript@7.22.5 from lock file\nnpm ERR! Missing: natural-compare@1.4.0 from lock file\nnpm ERR! Missing: camelcase@6.3.0 from lock file\nnpm ERR! Missing: leven@3.1.0 from lock file\nnpm ERR! Missing: supports-color@8.1.1 from lock file\nnpm ERR! Missing: argparse@1.0.10 from lock file\nnpm ERR! Missing: p-locate@4.1.0 from lock file\nnpm ERR! Missing: braces@3.0.2 from lock file\nnpm ERR! Missing: fill-range@7.0.1 from lock file\nnpm ERR! Missing: to-regex-range@5.0.1 from lock file\nnpm ERR! Missing: mimic-fn@2.1.0 from lock file\nnpm ERR! Missing: p-limit@2.3.0 from lock file\nnpm ERR! Missing: error-ex@1.3.2 from lock file\nnpm ERR! Missing: json-parse-even-better-errors@2.3.1 from lock file\nnpm ERR! Missing: lines-and-columns@1.2.4 from lock file\nnpm ERR! Missing: is-arrayish@0.2.1 from lock file\nnpm ERR! Missing: ansi-styles@5.2.0 from lock file\nnpm ERR! Missing: react-is@18.2.0 from lock file\nnpm ERR! Missing: kleur@3.0.3 from lock file\nnpm ERR! Missing: sisteransi@1.0.5 from lock file\nnpm ERR! Missing: is-core-module@2.13.0 from lock file\nnpm ERR! Missing: path-parse@1.0.7 from lock file\nnpm ERR! Missing: supports-preserve-symlinks-flag@1.0.0 from lock file\nnpm ERR! Missing: shebang-regex@3.0.0 from lock file\nnpm ERR! Missing: buffer-from@1.1.2 from lock file\nnpm ERR! Missing: char-regex@1.0.2 from lock file\nnpm ERR! Missing: glob@7.2.3 from lock file\nnpm ERR! Missing: minimatch@3.1.2 from lock file\nnpm ERR! Missing: is-number@7.0.0 from lock file\nnpm ERR! Missing: picocolors@1.0.0 from lock file\nnpm ERR! Missing: makeerror@1.0.12 from lock file\nnpm ERR! Missing: tmpl@1.0.5 from lock file\nnpm ERR! Missing: isexe@2.0.0 from lock file\nnpm ERR! Missing: imurmurhash@0.1.4 from lock file\nnpm ERR! Missing: ansi-styles@3.2.1 from lock file\nnpm ERR! Missing: escape-string-regexp@1.0.5 from lock file\nnpm ERR! Missing: supports-color@5.5.0 from lock file\nnpm ERR! Missing: color-convert@1.9.3 from lock file\nnpm ERR! Missing: color-name@1.1.3 from lock file\nnpm ERR! Missing: has-flag@3.0.0 from lock file\nnpm ERR! Missing: ms@2.1.2 from lock file\nnpm ERR! Missing: yallist@3.1.1 from lock file\nnpm ERR! Missing: ansi-styles@3.2.1 from lock file\nnpm ERR! Missing: escape-string-regexp@1.0.5 from lock file\nnpm ERR! Missing: supports-color@5.5.0 from lock file\nnpm ERR! Missing: color-convert@1.9.3 from lock file\nnpm ERR! Missing: color-name@1.1.3 from lock file\nnpm ERR! Missing: has-flag@3.0.0 from lock file\nnpm ERR! Missing: ms@2.1.2 from lock file\nnpm ERR! Missing: minimatch@3.1.2 from lock file\nnpm ERR! Missing: brace-expansion@1.1.11 from lock file\nnpm ERR! Missing: semver@6.3.1 from lock file\nnpm ERR! Missing: ms@2.1.2 from lock file\nnpm ERR! Missing: minimatch@3.1.2 from lock file\nnpm ERR! Missing: brace-expansion@1.1.11 from lock file\nnpm ERR! Missing: minimatch@3.1.2 from lock file\nnpm ERR! Missing: brace-expansion@1.1.11 from lock file\nnpm ERR! Missing: sprintf-js@1.0.3 from lock file\nnpm ERR! Missing: p-try@2.2.0 from lock file\nnpm ERR! Missing: brace-expansion@1.1.11 from lock file\nnpm ERR! \nnpm ERR! Clean install a project\nnpm ERR! \nnpm ERR! Usage:\nnpm ERR! npm ci\nnpm ERR! \nnpm ERR! Options:\nnpm ERR! [--install-strategy <hoisted|nested|shallow|linked>] [--legacy-bundling]\nnpm ERR! [--global-style] [--omit <dev|optional|peer> [--omit <dev|optional|peer> ...]]\nnpm ERR! [--strict-peer-deps] [--no-package-lock] [--foreground-scripts]\nnpm ERR! [--ignore-scripts] [--no-audit] [--no-bin-links] [--no-fund] [--dry-run]\nnpm ERR! [-w|--workspace <workspace-name> [-w|--workspace <workspace-name> ...]]\nnpm ERR! [-ws|--workspaces] [--include-workspace-root] [--install-links]\nnpm ERR! \nnpm ERR! aliases: clean-install, ic, install-clean, isntall-clean\nnpm ERR! \nnpm ERR! Run \"npm help ci\" for more info\n\nnpm ERR! A complete log of this run can be found in: /www-data-home/.npm/_logs/2023-10-05T17_34_23_550Z-debug-0.log; Error ID: beaf8772"}}
[debug] [2023-10-05T17:34:35.758Z] Got source token undefined for region us-central1
[error] Build failed: npm ERR! code EUSAGE
npm ERR! 
npm ERR! `npm ci` can only install packages when your package.json and package-lock.json or npm-shrinkwrap.json are in sync. Please update your lock file with `npm install` before continuing.
npm ERR! 
npm ERR! Missing: jest@29.7.0 from lock file
npm ERR! Missing: @jest/core@29.7.0 from lock file
npm ERR! Missing: @jest/types@29.6.3 from lock file
npm ERR! Missing: import-local@3.1.0 from lock file
npm ERR! Missing: jest-cli@29.7.0 from lock file
npm ERR! Missing: @jest/console@29.7.0 from lock file
npm ERR! Missing: @jest/reporters@29.7.0 from lock file
npm ERR! Missing: @jest/test-result@29.7.0 from lock file
npm ERR! Missing: @jest/transform@29.7.0 from lock file
npm ERR! Missing: ansi-escapes@4.3.2 from lock file
npm ERR! Missing: ci-info@3.9.0 from lock file
npm ERR! Missing: exit@0.1.2 from lock file
npm ERR! Missing: jest-changed-files@29.7.0 from lock file
npm ERR! Missing: jest-config@29.7.0 from lock file
npm ERR! Missing: jest-haste-map@29.7.0 from lock file
npm ERR! Missing: jest-message-util@29.7.0 from lock file
npm ERR! Missing: jest-regex-util@29.6.3 from lock file
npm ERR! Missing: jest-resolve@29.7.0 from lock file
npm ERR! Missing: jest-resolve-dependencies@29.7.0 from lock file
npm ERR! Missing: jest-runner@29.7.0 from lock file
npm ERR! Missing: jest-runtime@29.7.0 from lock file
npm ERR! Missing: jest-snapshot@29.7.0 from lock file
npm ERR! Missing: jest-util@29.7.0 from lock file
npm ERR! Missing: jest-validate@29.7.0 from lock file
npm ERR! Missing: jest-watcher@29.7.0 from lock file
npm ERR! Missing: micromatch@4.0.5 from lock file
npm ERR! Missing: pretty-format@29.7.0 from lock file
npm ERR! Missing: slash@3.0.0 from lock file
npm ERR! Missing: @bcoe/v8-coverage@0.2.3 from lock file
npm ERR! Missing: @jridgewell/trace-mapping@0.3.19 from lock file
npm ERR! Missing: collect-v8-coverage@1.0.2 from lock file
npm ERR! Missing: glob@7.2.3 from lock file
npm ERR! Missing: istanbul-lib-coverage@3.2.0 from lock file
npm ERR! Missing: istanbul-lib-instrument@6.0.1 from lock file
npm ERR! Missing: istanbul-lib-report@3.0.1 from lock file
npm ERR! Missing: istanbul-lib-source-maps@4.0.1 from lock file
npm ERR! Missing: istanbul-reports@3.1.6 from lock file
npm ERR! Missing: jest-worker@29.7.0 from lock file
npm ERR! Missing: string-length@4.0.2 from lock file
npm ERR! Missing: v8-to-istanbul@9.1.3 from lock file
npm ERR! Missing: @types/istanbul-lib-coverage@2.0.4 from lock file
npm ERR! Missing: @babel/core@7.23.0 from lock file
npm ERR! Missing: babel-plugin-istanbul@6.1.1 from lock file
npm ERR! Missing: convert-source-map@2.0.0 from lock file
npm ERR! Missing: fast-json-stable-stringify@2.1.0 from lock file
npm ERR! Missing: pirates@4.0.6 from lock file
npm ERR! Missing: write-file-atomic@4.0.2 from lock file
npm ERR! Missing: @ampproject/remapping@2.2.1 from lock file
npm ERR! Missing: @babel/code-frame@7.22.13 from lock file
npm ERR! Missing: @babel/generator@7.23.0 from lock file
npm ERR! Missing: @babel/helper-compilation-targets@7.22.15 from lock file
npm ERR! Missing: @babel/helper-module-transforms@7.23.0 from lock file
npm ERR! Missing: @babel/helpers@7.23.1 from lock file
npm ERR! Invalid: lock file's @babel/parser@7.22.16 does not satisfy @babel/parser@7.23.0
npm ERR! Missing: @babel/template@7.22.15 from lock file
npm ERR! Missing: @babel/traverse@7.23.0 from lock file
npm ERR! Missing: @babel/types@7.23.0 from lock file
npm ERR! Missing: debug@4.3.4 from lock file
npm ERR! Missing: gensync@1.0.0-beta.2 from lock file
npm ERR! Missing: json5@2.2.3 from lock file
npm ERR! Missing: semver@6.3.1 from lock file
npm ERR! Missing: @jridgewell/gen-mapping@0.3.3 from lock file
npm ERR! Missing: @babel/highlight@7.22.20 from lock file
npm ERR! Missing: chalk@2.4.2 from lock file
npm ERR! Missing: jsesc@2.5.2 from lock file
npm ERR! Missing: @babel/compat-data@7.22.20 from lock file
npm ERR! Missing: @babel/helper-validator-option@7.22.15 from lock file
npm ERR! Missing: browserslist@4.22.1 from lock file
npm ERR! Missing: lru-cache@5.1.1 from lock file
npm ERR! Missing: semver@6.3.1 from lock file
npm ERR! Missing: @babel/helper-environment-visitor@7.22.20 from lock file
npm ERR! Missing: @babel/helper-module-imports@7.22.15 from lock file
npm ERR! Missing: @babel/helper-simple-access@7.22.5 from lock file
npm ERR! Missing: @babel/helper-split-export-declaration@7.22.6 from lock file
npm ERR! Missing: @babel/helper-validator-identifier@7.22.20 from lock file
npm ERR! Missing: chalk@2.4.2 from lock file
npm ERR! Missing: js-tokens@4.0.0 from lock file
npm ERR! Missing: @babel/helper-function-name@7.23.0 from lock file
npm ERR! Missing: @babel/helper-hoist-variables@7.22.5 from lock file
npm ERR! Missing: debug@4.3.4 from lock file
npm ERR! Missing: globals@11.12.0 from lock file
npm ERR! Missing: @babel/helper-string-parser@7.22.5 from lock file
npm ERR! Missing: to-fast-properties@2.0.0 from lock file
npm ERR! Missing: @jest/schemas@29.6.3 from lock file
npm ERR! Missing: @types/istanbul-reports@3.0.2 from lock file
npm ERR! Missing: @types/yargs@17.0.26 from lock file
npm ERR! Missing: @sinclair/typebox@0.27.8 from lock file
npm ERR! Missing: @jridgewell/set-array@1.1.2 from lock file
npm ERR! Missing: @jridgewell/sourcemap-codec@1.4.15 from lock file
npm ERR! Missing: @jridgewell/resolve-uri@3.1.1 from lock file
npm ERR! Missing: @types/istanbul-lib-report@3.0.1 from lock file
npm ERR! Missing: @types/yargs-parser@21.0.1 from lock file
npm ERR! Missing: type-fest@0.21.3 from lock file
npm ERR! Missing: @babel/helper-plugin-utils@7.22.5 from lock file
npm ERR! Missing: @istanbuljs/load-nyc-config@1.1.0 from lock file
npm ERR! Missing: @istanbuljs/schema@0.1.3 from lock file
npm ERR! Missing: istanbul-lib-instrument@5.2.1 from lock file
npm ERR! Missing: test-exclude@6.0.0 from lock file
npm ERR! Missing: camelcase@5.3.1 from lock file
npm ERR! Missing: find-up@4.1.0 from lock file
npm ERR! Missing: get-package-type@0.1.0 from lock file
npm ERR! Missing: js-yaml@3.14.1 from lock file
npm ERR! Missing: resolve-from@5.0.0 from lock file
npm ERR! Missing: caniuse-lite@1.0.30001546 from lock file
npm ERR! Missing: electron-to-chromium@1.4.542 from lock file
npm ERR! Missing: node-releases@2.0.13 from lock file
npm ERR! Missing: update-browserslist-db@1.0.13 from lock file
npm ERR! Missing: locate-path@5.0.0 from lock file
npm ERR! Missing: path-exists@4.0.0 from lock file
npm ERR! Missing: pkg-dir@4.2.0 from lock file
npm ERR! Missing: resolve-cwd@3.0.0 from lock file
npm ERR! Missing: make-dir@4.0.0 from lock file
npm ERR! Missing: debug@4.3.4 from lock file
npm ERR! Missing: html-escaper@2.0.2 from lock file
npm ERR! Missing: execa@5.1.1 from lock file
npm ERR! Missing: cross-spawn@7.0.3 from lock file
npm ERR! Missing: get-stream@6.0.1 from lock file
npm ERR! Missing: human-signals@2.1.0 from lock file
npm ERR! Missing: merge-stream@2.0.0 from lock file
npm ERR! Missing: npm-run-path@4.0.1 from lock file
npm ERR! Missing: onetime@5.1.2 from lock file
npm ERR! Missing: signal-exit@3.0.7 from lock file
npm ERR! Missing: strip-final-newline@2.0.0 from lock file
npm ERR! Missing: path-key@3.1.1 from lock file
npm ERR! Missing: shebang-command@2.0.0 from lock file
npm ERR! Missing: which@2.0.2 from lock file
npm ERR! Missing: create-jest@29.7.0 from lock file
npm ERR! Missing: prompts@2.4.2 from lock file
npm ERR! Missing: @jest/test-sequencer@29.7.0 from lock file
npm ERR! Missing: babel-jest@29.7.0 from lock file
npm ERR! Missing: deepmerge@4.3.1 from lock file
npm ERR! Missing: glob@7.2.3 from lock file
npm ERR! Missing: jest-circus@29.7.0 from lock file
npm ERR! Missing: jest-environment-node@29.7.0 from lock file
npm ERR! Missing: jest-get-type@29.6.3 from lock file
npm ERR! Missing: parse-json@5.2.0 from lock file
npm ERR! Missing: @types/babel__core@7.20.2 from lock file
npm ERR! Missing: babel-preset-jest@29.6.3 from lock file
npm ERR! Missing: @types/babel__generator@7.6.5 from lock file
npm ERR! Missing: @types/babel__template@7.4.2 from lock file
npm ERR! Missing: @types/babel__traverse@7.20.2 from lock file
npm ERR! Missing: babel-plugin-jest-hoist@29.6.3 from lock file
npm ERR! Missing: babel-preset-current-node-syntax@1.0.1 from lock file
npm ERR! Missing: @babel/plugin-syntax-async-generators@7.8.4 from lock file
npm ERR! Missing: @babel/plugin-syntax-bigint@7.8.3 from lock file
npm ERR! Missing: @babel/plugin-syntax-class-properties@7.12.13 from lock file
npm ERR! Missing: @babel/plugin-syntax-import-meta@7.10.4 from lock file
npm ERR! Missing: @babel/plugin-syntax-json-strings@7.8.3 from lock file
npm ERR! Missing: @babel/plugin-syntax-logical-assignment-operators@7.10.4 from lock file
npm ERR! Missing: @babel/plugin-syntax-nullish-coalescing-operator@7.8.3 from lock file
npm ERR! Missing: @babel/plugin-syntax-numeric-separator@7.10.4 from lock file
npm ERR! Missing: @babel/plugin-syntax-object-rest-spread@7.8.3 from lock file
npm ERR! Missing: @babel/plugin-syntax-optional-catch-binding@7.8.3 from lock file
npm ERR! Missing: @babel/plugin-syntax-optional-chaining@7.8.3 from lock file
npm ERR! Missing: @babel/plugin-syntax-top-level-await@7.14.5 from lock file
npm ERR! Missing: @jest/environment@29.7.0 from lock file
npm ERR! Missing: @jest/expect@29.7.0 from lock file
npm ERR! Missing: co@4.6.0 from lock file
npm ERR! Missing: dedent@1.5.1 from lock file
npm ERR! Missing: is-generator-fn@2.1.0 from lock file
npm ERR! Missing: jest-each@29.7.0 from lock file
npm ERR! Missing: jest-matcher-utils@29.7.0 from lock file
npm ERR! Missing: pure-rand@6.0.4 from lock file
npm ERR! Missing: stack-utils@2.0.6 from lock file
npm ERR! Missing: @jest/fake-timers@29.7.0 from lock file
npm ERR! Missing: jest-mock@29.7.0 from lock file
npm ERR! Missing: expect@29.7.0 from lock file
npm ERR! Missing: @sinonjs/fake-timers@10.3.0 from lock file
npm ERR! Missing: @sinonjs/commons@3.0.0 from lock file
npm ERR! Missing: type-detect@4.0.8 from lock file
npm ERR! Missing: @jest/expect-utils@29.7.0 from lock file
npm ERR! Missing: @types/graceful-fs@4.1.7 from lock file
npm ERR! Missing: anymatch@3.1.3 from lock file
npm ERR! Missing: fb-watchman@2.0.2 from lock file
npm ERR! Missing: fsevents@2.3.3 from lock file
npm ERR! Missing: walker@1.0.8 from lock file
npm ERR! Missing: normalize-path@3.0.0 from lock file
npm ERR! Missing: picomatch@2.3.1 from lock file
npm ERR! Missing: bser@2.1.1 from lock file
npm ERR! Missing: node-int64@0.4.0 from lock file
npm ERR! Missing: jest-diff@29.7.0 from lock file
npm ERR! Missing: diff-sequences@29.6.3 from lock file
npm ERR! Missing: @types/stack-utils@2.0.1 from lock file
npm ERR! Missing: jest-pnp-resolver@1.2.3 from lock file
npm ERR! Missing: resolve@1.22.6 from lock file
npm ERR! Missing: resolve.exports@2.0.2 from lock file
npm ERR! Missing: emittery@0.13.1 from lock file
npm ERR! Missing: jest-docblock@29.7.0 from lock file
npm ERR! Missing: jest-leak-detector@29.7.0 from lock file
npm ERR! Missing: source-map-support@0.5.13 from lock file
npm ERR! Missing: detect-newline@3.1.0 from lock file
npm ERR! Missing: @jest/globals@29.7.0 from lock file
npm ERR! Missing: @jest/source-map@29.6.3 from lock file
npm ERR! Missing: cjs-module-lexer@1.2.3 from lock file
npm ERR! Missing: glob@7.2.3 from lock file
npm ERR! Missing: strip-bom@4.0.0 from lock file
npm ERR! Missing: callsites@3.1.0 from lock file
npm ERR! Missing: @babel/plugin-syntax-jsx@7.22.5 from lock file
npm ERR! Missing: @babel/plugin-syntax-typescript@7.22.5 from lock file
npm ERR! Missing: natural-compare@1.4.0 from lock file
npm ERR! Missing: camelcase@6.3.0 from lock file
npm ERR! Missing: leven@3.1.0 from lock file
npm ERR! Missing: supports-color@8.1.1 from lock file
npm ERR! Missing: argparse@1.0.10 from lock file
npm ERR! Missing: p-locate@4.1.0 from lock file
npm ERR! Missing: braces@3.0.2 from lock file
npm ERR! Missing: fill-range@7.0.1 from lock file
npm ERR! Missing: to-regex-range@5.0.1 from lock file
npm ERR! Missing: mimic-fn@2.1.0 from lock file
npm ERR! Missing: p-limit@2.3.0 from lock file
npm ERR! Missing: error-ex@1.3.2 from lock file
npm ERR! Missing: json-parse-even-better-errors@2.3.1 from lock file
npm ERR! Missing: lines-and-columns@1.2.4 from lock file
npm ERR! Missing: is-arrayish@0.2.1 from lock file
npm ERR! Missing: ansi-styles@5.2.0 from lock file
npm ERR! Missing: react-is@18.2.0 from lock file
npm ERR! Missing: kleur@3.0.3 from lock file
npm ERR! Missing: sisteransi@1.0.5 from lock file
npm ERR! Missing: is-core-module@2.13.0 from lock file
npm ERR! Missing: path-parse@1.0.7 from lock file
npm ERR! Missing: supports-preserve-symlinks-flag@1.0.0 from lock file
npm ERR! Missing: shebang-regex@3.0.0 from lock file
npm ERR! Missing: buffer-from@1.1.2 from lock file
npm ERR! Missing: char-regex@1.0.2 from lock file
npm ERR! Missing: glob@7.2.3 from lock file
npm ERR! Missing: minimatch@3.1.2 from lock file
npm ERR! Missing: is-number@7.0.0 from lock file
npm ERR! Missing: picocolors@1.0.0 from lock file
npm ERR! Missing: makeerror@1.0.12 from lock file
npm ERR! Missing: tmpl@1.0.5 from lock file
npm ERR! Missing: isexe@2.0.0 from lock file
npm ERR! Missing: imurmurhash@0.1.4 from lock file
npm ERR! Missing: ansi-styles@3.2.1 from lock file
npm ERR! Missing: escape-string-regexp@1.0.5 from lock file
npm ERR! Missing: supports-color@5.5.0 from lock file
npm ERR! Missing: color-convert@1.9.3 from lock file
npm ERR! Missing: color-name@1.1.3 from lock file
npm ERR! Missing: has-flag@3.0.0 from lock file
npm ERR! Missing: ms@2.1.2 from lock file
npm ERR! Missing: yallist@3.1.1 from lock file
npm ERR! Missing: ansi-styles@3.2.1 from lock file
npm ERR! Missing: escape-string-regexp@1.0.5 from lock file
npm ERR! Missing: supports-color@5.5.0 from lock file
npm ERR! Missing: color-convert@1.9.3 from lock file
npm ERR! Missing: color-name@1.1.3 from lock file
npm ERR! Missing: has-flag@3.0.0 from lock file
npm ERR! Missing: ms@2.1.2 from lock file
npm ERR! Missing: minimatch@3.1.2 from lock file
npm ERR! Missing: brace-expansion@1.1.11 from lock file
npm ERR! Missing: semver@6.3.1 from lock file
npm ERR! Missing: ms@2.1.2 from lock file
npm ERR! Missing: minimatch@3.1.2 from lock file
npm ERR! Missing: brace-expansion@1.1.11 from lock file
npm ERR! Missing: minimatch@3.1.2 from lock file
npm ERR! Missing: brace-expansion@1.1.11 from lock file
npm ERR! Missing: sprintf-js@1.0.3 from lock file
npm ERR! Missing: p-try@2.2.0 from lock file
npm ERR! Missing: brace-expansion@1.1.11 from lock file
npm ERR! 
npm ERR! Clean install a project
npm ERR! 
npm ERR! Usage:
npm ERR! npm ci
npm ERR! 
npm ERR! Options:
npm ERR! [--install-strategy <hoisted|nested|shallow|linked>] [--legacy-bundling]
npm ERR! [--global-style] [--omit <dev|optional|peer> [--omit <dev|optional|peer> ...]]
npm ERR! [--strict-peer-deps] [--no-package-lock] [--foreground-scripts]
npm ERR! [--ignore-scripts] [--no-audit] [--no-bin-links] [--no-fund] [--dry-run]
npm ERR! [-w|--workspace <workspace-name> [-w|--workspace <workspace-name> ...]]
npm ERR! [-ws|--workspaces] [--include-workspace-root] [--install-links]
npm ERR! 
npm ERR! aliases: clean-install, ic, install-clean, isntall-clean
npm ERR! 
npm ERR! Run "npm help ci" for more info

npm ERR! A complete log of this run can be found in: /www-data-home/.npm/_logs/2023-10-05T17_34_23_550Z-debug-0.log; Error ID: beaf8772
[debug] [2023-10-05T17:34:35.786Z] Total Function Deployment time: 28175
[debug] [2023-10-05T17:34:35.786Z] 1 Functions Deployed
[debug] [2023-10-05T17:34:35.786Z] 1 Functions Errored
[debug] [2023-10-05T17:34:35.786Z] 0 Function Deployments Aborted
[debug] [2023-10-05T17:34:35.786Z] Average Function Deployment time: 28174
[info] 
[info] Functions deploy had errors with the following functions:
	neon(us-central1)
[debug] [2023-10-05T17:34:35.896Z] Not printing URL for HTTPS function. Typically this means it didn't match a filter or we failed deployment
[info] i  functions: cleaning up build files... 
[debug] [2023-10-05T17:34:35.897Z] >>> [apiv2][query] DELETE https://artifactregistry.googleapis.com/v1beta2/projects/post-world-app/locations/us-central1/repositories/gcf-artifacts/packages/neon [none]
[debug] [2023-10-05T17:34:35.898Z] >>> [apiv2][query] GET https://us.gcr.io/v2/post-world-app/gcf/us-central1/tags/list [none]
[debug] [2023-10-05T17:34:36.090Z] <<< [apiv2][status] GET https://us.gcr.io/v2/post-world-app/gcf/us-central1/tags/list 200
[debug] [2023-10-05T17:34:36.091Z] <<< [apiv2][body] GET https://us.gcr.io/v2/post-world-app/gcf/us-central1/tags/list {"child":[],"manifest":{},"name":"post-world-app/gcf/us-central1","tags":[]}
[debug] [2023-10-05T17:34:36.091Z] Could not find image for function projects/post-world-app/locations/us-central1/functions/neon
[debug] [2023-10-05T17:34:36.257Z] <<< [apiv2][status] DELETE https://artifactregistry.googleapis.com/v1beta2/projects/post-world-app/locations/us-central1/repositories/gcf-artifacts/packages/neon 404
[debug] [2023-10-05T17:34:36.257Z] <<< [apiv2][body] DELETE https://artifactregistry.googleapis.com/v1beta2/projects/post-world-app/locations/us-central1/repositories/gcf-artifacts/packages/neon {"error":{"code":404,"message":"Package \"projects/post-world-app/locations/us-central1/repositories/gcf-artifacts/packages/neon\" was not found.","status":"NOT_FOUND"}}
[debug] [2023-10-05T17:34:36.258Z] Functions deploy failed.
[debug] [2023-10-05T17:34:36.258Z] {
  "endpoint": {
    "id": "neon",
    "project": "post-world-app",
    "region": "us-central1",
    "entryPoint": "neon",
    "platform": "gcfv1",
    "runtime": "nodejs18",
    "httpsTrigger": {},
    "serviceAccount": null,
    "ingressSettings": null,
    "availableMemoryMb": null,
    "timeoutSeconds": null,
    "maxInstances": null,
    "minInstances": null,
    "vpc": null,
    "environmentVariables": {
      "FIREBASE_CONFIG": "{\"projectId\":\"post-world-app\",\"databaseURL\":\"https://post-world-app-default-rtdb.firebaseio.com\",\"storageBucket\":\"post-world-app.appspot.com\",\"locationId\":\"us-central\"}",
      "GCLOUD_PROJECT": "post-world-app",
      "EVENTARC_CLOUD_EVENT_SOURCE": "projects/post-world-app/locations/us-central1/functions/neon"
    },
    "codebase": "default",
    "targetedByOnly": false,
    "hash": "b4e3f05494f3109b26c4e9fa9fc43db1b78d0b51",
    "labels": {
      "deployment-tool": "cli-firebase"
    }
  },
  "op": "create",
  "original": {
    "name": "FirebaseError",
    "children": [],
    "exit": 1,
    "message": "Build failed: npm ERR! code EUSAGE\nnpm ERR! \nnpm ERR! `npm ci` can only install packages when your package.json and package-lock.json or npm-shrinkwrap.json are in sync. Please update your lock file with `npm install` before continuing.\nnpm ERR! \nnpm ERR! Missing: jest@29.7.0 from lock file\nnpm ERR! Missing: @jest/core@29.7.0 from lock file\nnpm ERR! Missing: @jest/types@29.6.3 from lock file\nnpm ERR! Missing: import-local@3.1.0 from lock file\nnpm ERR! Missing: jest-cli@29.7.0 from lock file\nnpm ERR! Missing: @jest/console@29.7.0 from lock file\nnpm ERR! Missing: @jest/reporters@29.7.0 from lock file\nnpm ERR! Missing: @jest/test-result@29.7.0 from lock file\nnpm ERR! Missing: @jest/transform@29.7.0 from lock file\nnpm ERR! Missing: ansi-escapes@4.3.2 from lock file\nnpm ERR! Missing: ci-info@3.9.0 from lock file\nnpm ERR! Missing: exit@0.1.2 from lock file\nnpm ERR! Missing: jest-changed-files@29.7.0 from lock file\nnpm ERR! Missing: jest-config@29.7.0 from lock file\nnpm ERR! Missing: jest-haste-map@29.7.0 from lock file\nnpm ERR! Missing: jest-message-util@29.7.0 from lock file\nnpm ERR! Missing: jest-regex-util@29.6.3 from lock file\nnpm ERR! Missing: jest-resolve@29.7.0 from lock file\nnpm ERR! Missing: jest-resolve-dependencies@29.7.0 from lock file\nnpm ERR! Missing: jest-runner@29.7.0 from lock file\nnpm ERR! Missing: jest-runtime@29.7.0 from lock file\nnpm ERR! Missing: jest-snapshot@29.7.0 from lock file\nnpm ERR! Missing: jest-util@29.7.0 from lock file\nnpm ERR! Missing: jest-validate@29.7.0 from lock file\nnpm ERR! Missing: jest-watcher@29.7.0 from lock file\nnpm ERR! Missing: micromatch@4.0.5 from lock file\nnpm ERR! Missing: pretty-format@29.7.0 from lock file\nnpm ERR! Missing: slash@3.0.0 from lock file\nnpm ERR! Missing: @bcoe/v8-coverage@0.2.3 from lock file\nnpm ERR! Missing: @jridgewell/trace-mapping@0.3.19 from lock file\nnpm ERR! Missing: collect-v8-coverage@1.0.2 from lock file\nnpm ERR! Missing: glob@7.2.3 from lock file\nnpm ERR! Missing: istanbul-lib-coverage@3.2.0 from lock file\nnpm ERR! Missing: istanbul-lib-instrument@6.0.1 from lock file\nnpm ERR! Missing: istanbul-lib-report@3.0.1 from lock file\nnpm ERR! Missing: istanbul-lib-source-maps@4.0.1 from lock file\nnpm ERR! Missing: istanbul-reports@3.1.6 from lock file\nnpm ERR! Missing: jest-worker@29.7.0 from lock file\nnpm ERR! Missing: string-length@4.0.2 from lock file\nnpm ERR! Missing: v8-to-istanbul@9.1.3 from lock file\nnpm ERR! Missing: @types/istanbul-lib-coverage@2.0.4 from lock file\nnpm ERR! Missing: @babel/core@7.23.0 from lock file\nnpm ERR! Missing: babel-plugin-istanbul@6.1.1 from lock file\nnpm ERR! Missing: convert-source-map@2.0.0 from lock file\nnpm ERR! Missing: fast-json-stable-stringify@2.1.0 from lock file\nnpm ERR! Missing: pirates@4.0.6 from lock file\nnpm ERR! Missing: write-file-atomic@4.0.2 from lock file\nnpm ERR! Missing: @ampproject/remapping@2.2.1 from lock file\nnpm ERR! Missing: @babel/code-frame@7.22.13 from lock file\nnpm ERR! Missing: @babel/generator@7.23.0 from lock file\nnpm ERR! Missing: @babel/helper-compilation-targets@7.22.15 from lock file\nnpm ERR! Missing: @babel/helper-module-transforms@7.23.0 from lock file\nnpm ERR! Missing: @babel/helpers@7.23.1 from lock file\nnpm ERR! Invalid: lock file's @babel/parser@7.22.16 does not satisfy @babel/parser@7.23.0\nnpm ERR! Missing: @babel/template@7.22.15 from lock file\nnpm ERR! Missing: @babel/traverse@7.23.0 from lock file\nnpm ERR! Missing: @babel/types@7.23.0 from lock file\nnpm ERR! Missing: debug@4.3.4 from lock file\nnpm ERR! Missing: gensync@1.0.0-beta.2 from lock file\nnpm ERR! Missing: json5@2.2.3 from lock file\nnpm ERR! Missing: semver@6.3.1 from lock file\nnpm ERR! Missing: @jridgewell/gen-mapping@0.3.3 from lock file\nnpm ERR! Missing: @babel/highlight@7.22.20 from lock file\nnpm ERR! Missing: chalk@2.4.2 from lock file\nnpm ERR! Missing: jsesc@2.5.2 from lock file\nnpm ERR! Missing: @babel/compat-data@7.22.20 from lock file\nnpm ERR! Missing: @babel/helper-validator-option@7.22.15 from lock file\nnpm ERR! Missing: browserslist@4.22.1 from lock file\nnpm ERR! Missing: lru-cache@5.1.1 from lock file\nnpm ERR! Missing: semver@6.3.1 from lock file\nnpm ERR! Missing: @babel/helper-environment-visitor@7.22.20 from lock file\nnpm ERR! Missing: @babel/helper-module-imports@7.22.15 from lock file\nnpm ERR! Missing: @babel/helper-simple-access@7.22.5 from lock file\nnpm ERR! Missing: @babel/helper-split-export-declaration@7.22.6 from lock file\nnpm ERR! Missing: @babel/helper-validator-identifier@7.22.20 from lock file\nnpm ERR! Missing: chalk@2.4.2 from lock file\nnpm ERR! Missing: js-tokens@4.0.0 from lock file\nnpm ERR! Missing: @babel/helper-function-name@7.23.0 from lock file\nnpm ERR! Missing: @babel/helper-hoist-variables@7.22.5 from lock file\nnpm ERR! Missing: debug@4.3.4 from lock file\nnpm ERR! Missing: globals@11.12.0 from lock file\nnpm ERR! Missing: @babel/helper-string-parser@7.22.5 from lock file\nnpm ERR! Missing: to-fast-properties@2.0.0 from lock file\nnpm ERR! Missing: @jest/schemas@29.6.3 from lock file\nnpm ERR! Missing: @types/istanbul-reports@3.0.2 from lock file\nnpm ERR! Missing: @types/yargs@17.0.26 from lock file\nnpm ERR! Missing: @sinclair/typebox@0.27.8 from lock file\nnpm ERR! Missing: @jridgewell/set-array@1.1.2 from lock file\nnpm ERR! Missing: @jridgewell/sourcemap-codec@1.4.15 from lock file\nnpm ERR! Missing: @jridgewell/resolve-uri@3.1.1 from lock file\nnpm ERR! Missing: @types/istanbul-lib-report@3.0.1 from lock file\nnpm ERR! Missing: @types/yargs-parser@21.0.1 from lock file\nnpm ERR! Missing: type-fest@0.21.3 from lock file\nnpm ERR! Missing: @babel/helper-plugin-utils@7.22.5 from lock file\nnpm ERR! Missing: @istanbuljs/load-nyc-config@1.1.0 from lock file\nnpm ERR! Missing: @istanbuljs/schema@0.1.3 from lock file\nnpm ERR! Missing: istanbul-lib-instrument@5.2.1 from lock file\nnpm ERR! Missing: test-exclude@6.0.0 from lock file\nnpm ERR! Missing: camelcase@5.3.1 from lock file\nnpm ERR! Missing: find-up@4.1.0 from lock file\nnpm ERR! Missing: get-package-type@0.1.0 from lock file\nnpm ERR! Missing: js-yaml@3.14.1 from lock file\nnpm ERR! Missing: resolve-from@5.0.0 from lock file\nnpm ERR! Missing: caniuse-lite@1.0.30001546 from lock file\nnpm ERR! Missing: electron-to-chromium@1.4.542 from lock file\nnpm ERR! Missing: node-releases@2.0.13 from lock file\nnpm ERR! Missing: update-browserslist-db@1.0.13 from lock file\nnpm ERR! Missing: locate-path@5.0.0 from lock file\nnpm ERR! Missing: path-exists@4.0.0 from lock file\nnpm ERR! Missing: pkg-dir@4.2.0 from lock file\nnpm ERR! Missing: resolve-cwd@3.0.0 from lock file\nnpm ERR! Missing: make-dir@4.0.0 from lock file\nnpm ERR! Missing: debug@4.3.4 from lock file\nnpm ERR! Missing: html-escaper@2.0.2 from lock file\nnpm ERR! Missing: execa@5.1.1 from lock file\nnpm ERR! Missing: cross-spawn@7.0.3 from lock file\nnpm ERR! Missing: get-stream@6.0.1 from lock file\nnpm ERR! Missing: human-signals@2.1.0 from lock file\nnpm ERR! Missing: merge-stream@2.0.0 from lock file\nnpm ERR! Missing: npm-run-path@4.0.1 from lock file\nnpm ERR! Missing: onetime@5.1.2 from lock file\nnpm ERR! Missing: signal-exit@3.0.7 from lock file\nnpm ERR! Missing: strip-final-newline@2.0.0 from lock file\nnpm ERR! Missing: path-key@3.1.1 from lock file\nnpm ERR! Missing: shebang-command@2.0.0 from lock file\nnpm ERR! Missing: which@2.0.2 from lock file\nnpm ERR! Missing: create-jest@29.7.0 from lock file\nnpm ERR! Missing: prompts@2.4.2 from lock file\nnpm ERR! Missing: @jest/test-sequencer@29.7.0 from lock file\nnpm ERR! Missing: babel-jest@29.7.0 from lock file\nnpm ERR! Missing: deepmerge@4.3.1 from lock file\nnpm ERR! Missing: glob@7.2.3 from lock file\nnpm ERR! Missing: jest-circus@29.7.0 from lock file\nnpm ERR! Missing: jest-environment-node@29.7.0 from lock file\nnpm ERR! Missing: jest-get-type@29.6.3 from lock file\nnpm ERR! Missing: parse-json@5.2.0 from lock file\nnpm ERR! Missing: @types/babel__core@7.20.2 from lock file\nnpm ERR! Missing: babel-preset-jest@29.6.3 from lock file\nnpm ERR! Missing: @types/babel__generator@7.6.5 from lock file\nnpm ERR! Missing: @types/babel__template@7.4.2 from lock file\nnpm ERR! Missing: @types/babel__traverse@7.20.2 from lock file\nnpm ERR! Missing: babel-plugin-jest-hoist@29.6.3 from lock file\nnpm ERR! Missing: babel-preset-current-node-syntax@1.0.1 from lock file\nnpm ERR! Missing: @babel/plugin-syntax-async-generators@7.8.4 from lock file\nnpm ERR! Missing: @babel/plugin-syntax-bigint@7.8.3 from lock file\nnpm ERR! Missing: @babel/plugin-syntax-class-properties@7.12.13 from lock file\nnpm ERR! Missing: @babel/plugin-syntax-import-meta@7.10.4 from lock file\nnpm ERR! Missing: @babel/plugin-syntax-json-strings@7.8.3 from lock file\nnpm ERR! Missing: @babel/plugin-syntax-logical-assignment-operators@7.10.4 from lock file\nnpm ERR! Missing: @babel/plugin-syntax-nullish-coalescing-operator@7.8.3 from lock file\nnpm ERR! Missing: @babel/plugin-syntax-numeric-separator@7.10.4 from lock file\nnpm ERR! Missing: @babel/plugin-syntax-object-rest-spread@7.8.3 from lock file\nnpm ERR! Missing: @babel/plugin-syntax-optional-catch-binding@7.8.3 from lock file\nnpm ERR! Missing: @babel/plugin-syntax-optional-chaining@7.8.3 from lock file\nnpm ERR! Missing: @babel/plugin-syntax-top-level-await@7.14.5 from lock file\nnpm ERR! Missing: @jest/environment@29.7.0 from lock file\nnpm ERR! Missing: @jest/expect@29.7.0 from lock file\nnpm ERR! Missing: co@4.6.0 from lock file\nnpm ERR! Missing: dedent@1.5.1 from lock file\nnpm ERR! Missing: is-generator-fn@2.1.0 from lock file\nnpm ERR! Missing: jest-each@29.7.0 from lock file\nnpm ERR! Missing: jest-matcher-utils@29.7.0 from lock file\nnpm ERR! Missing: pure-rand@6.0.4 from lock file\nnpm ERR! Missing: stack-utils@2.0.6 from lock file\nnpm ERR! Missing: @jest/fake-timers@29.7.0 from lock file\nnpm ERR! Missing: jest-mock@29.7.0 from lock file\nnpm ERR! Missing: expect@29.7.0 from lock file\nnpm ERR! Missing: @sinonjs/fake-timers@10.3.0 from lock file\nnpm ERR! Missing: @sinonjs/commons@3.0.0 from lock file\nnpm ERR! Missing: type-detect@4.0.8 from lock file\nnpm ERR! Missing: @jest/expect-utils@29.7.0 from lock file\nnpm ERR! Missing: @types/graceful-fs@4.1.7 from lock file\nnpm ERR! Missing: anymatch@3.1.3 from lock file\nnpm ERR! Missing: fb-watchman@2.0.2 from lock file\nnpm ERR! Missing: fsevents@2.3.3 from lock file\nnpm ERR! Missing: walker@1.0.8 from lock file\nnpm ERR! Missing: normalize-path@3.0.0 from lock file\nnpm ERR! Missing: picomatch@2.3.1 from lock file\nnpm ERR! Missing: bser@2.1.1 from lock file\nnpm ERR! Missing: node-int64@0.4.0 from lock file\nnpm ERR! Missing: jest-diff@29.7.0 from lock file\nnpm ERR! Missing: diff-sequences@29.6.3 from lock file\nnpm ERR! Missing: @types/stack-utils@2.0.1 from lock file\nnpm ERR! Missing: jest-pnp-resolver@1.2.3 from lock file\nnpm ERR! Missing: resolve@1.22.6 from lock file\nnpm ERR! Missing: resolve.exports@2.0.2 from lock file\nnpm ERR! Missing: emittery@0.13.1 from lock file\nnpm ERR! Missing: jest-docblock@29.7.0 from lock file\nnpm ERR! Missing: jest-leak-detector@29.7.0 from lock file\nnpm ERR! Missing: source-map-support@0.5.13 from lock file\nnpm ERR! Missing: detect-newline@3.1.0 from lock file\nnpm ERR! Missing: @jest/globals@29.7.0 from lock file\nnpm ERR! Missing: @jest/source-map@29.6.3 from lock file\nnpm ERR! Missing: cjs-module-lexer@1.2.3 from lock file\nnpm ERR! Missing: glob@7.2.3 from lock file\nnpm ERR! Missing: strip-bom@4.0.0 from lock file\nnpm ERR! Missing: callsites@3.1.0 from lock file\nnpm ERR! Missing: @babel/plugin-syntax-jsx@7.22.5 from lock file\nnpm ERR! Missing: @babel/plugin-syntax-typescript@7.22.5 from lock file\nnpm ERR! Missing: natural-compare@1.4.0 from lock file\nnpm ERR! Missing: camelcase@6.3.0 from lock file\nnpm ERR! Missing: leven@3.1.0 from lock file\nnpm ERR! Missing: supports-color@8.1.1 from lock file\nnpm ERR! Missing: argparse@1.0.10 from lock file\nnpm ERR! Missing: p-locate@4.1.0 from lock file\nnpm ERR! Missing: braces@3.0.2 from lock file\nnpm ERR! Missing: fill-range@7.0.1 from lock file\nnpm ERR! Missing: to-regex-range@5.0.1 from lock file\nnpm ERR! Missing: mimic-fn@2.1.0 from lock file\nnpm ERR! Missing: p-limit@2.3.0 from lock file\nnpm ERR! Missing: error-ex@1.3.2 from lock file\nnpm ERR! Missing: json-parse-even-better-errors@2.3.1 from lock file\nnpm ERR! Missing: lines-and-columns@1.2.4 from lock file\nnpm ERR! Missing: is-arrayish@0.2.1 from lock file\nnpm ERR! Missing: ansi-styles@5.2.0 from lock file\nnpm ERR! Missing: react-is@18.2.0 from lock file\nnpm ERR! Missing: kleur@3.0.3 from lock file\nnpm ERR! Missing: sisteransi@1.0.5 from lock file\nnpm ERR! Missing: is-core-module@2.13.0 from lock file\nnpm ERR! Missing: path-parse@1.0.7 from lock file\nnpm ERR! Missing: supports-preserve-symlinks-flag@1.0.0 from lock file\nnpm ERR! Missing: shebang-regex@3.0.0 from lock file\nnpm ERR! Missing: buffer-from@1.1.2 from lock file\nnpm ERR! Missing: char-regex@1.0.2 from lock file\nnpm ERR! Missing: glob@7.2.3 from lock file\nnpm ERR! Missing: minimatch@3.1.2 from lock file\nnpm ERR! Missing: is-number@7.0.0 from lock file\nnpm ERR! Missing: picocolors@1.0.0 from lock file\nnpm ERR! Missing: makeerror@1.0.12 from lock file\nnpm ERR! Missing: tmpl@1.0.5 from lock file\nnpm ERR! Missing: isexe@2.0.0 from lock file\nnpm ERR! Missing: imurmurhash@0.1.4 from lock file\nnpm ERR! Missing: ansi-styles@3.2.1 from lock file\nnpm ERR! Missing: escape-string-regexp@1.0.5 from lock file\nnpm ERR! Missing: supports-color@5.5.0 from lock file\nnpm ERR! Missing: color-convert@1.9.3 from lock file\nnpm ERR! Missing: color-name@1.1.3 from lock file\nnpm ERR! Missing: has-flag@3.0.0 from lock file\nnpm ERR! Missing: ms@2.1.2 from lock file\nnpm ERR! Missing: yallist@3.1.1 from lock file\nnpm ERR! Missing: ansi-styles@3.2.1 from lock file\nnpm ERR! Missing: escape-string-regexp@1.0.5 from lock file\nnpm ERR! Missing: supports-color@5.5.0 from lock file\nnpm ERR! Missing: color-convert@1.9.3 from lock file\nnpm ERR! Missing: color-name@1.1.3 from lock file\nnpm ERR! Missing: has-flag@3.0.0 from lock file\nnpm ERR! Missing: ms@2.1.2 from lock file\nnpm ERR! Missing: minimatch@3.1.2 from lock file\nnpm ERR! Missing: brace-expansion@1.1.11 from lock file\nnpm ERR! Missing: semver@6.3.1 from lock file\nnpm ERR! Missing: ms@2.1.2 from lock file\nnpm ERR! Missing: minimatch@3.1.2 from lock file\nnpm ERR! Missing: brace-expansion@1.1.11 from lock file\nnpm ERR! Missing: minimatch@3.1.2 from lock file\nnpm ERR! Missing: brace-expansion@1.1.11 from lock file\nnpm ERR! Missing: sprintf-js@1.0.3 from lock file\nnpm ERR! Missing: p-try@2.2.0 from lock file\nnpm ERR! Missing: brace-expansion@1.1.11 from lock file\nnpm ERR! \nnpm ERR! Clean install a project\nnpm ERR! \nnpm ERR! Usage:\nnpm ERR! npm ci\nnpm ERR! \nnpm ERR! Options:\nnpm ERR! [--install-strategy <hoisted|nested|shallow|linked>] [--legacy-bundling]\nnpm ERR! [--global-style] [--omit <dev|optional|peer> [--omit <dev|optional|peer> ...]]\nnpm ERR! [--strict-peer-deps] [--no-package-lock] [--foreground-scripts]\nnpm ERR! [--ignore-scripts] [--no-audit] [--no-bin-links] [--no-fund] [--dry-run]\nnpm ERR! [-w|--workspace <workspace-name> [-w|--workspace <workspace-name> ...]]\nnpm ERR! [-ws|--workspaces] [--include-workspace-root] [--install-links]\nnpm ERR! \nnpm ERR! aliases: clean-install, ic, install-clean, isntall-clean\nnpm ERR! \nnpm ERR! Run \"npm help ci\" for more info\n\nnpm ERR! A complete log of this run can be found in: /www-data-home/.npm/_logs/2023-10-05T17_34_23_550Z-debug-0.log; Error ID: beaf8772",
    "status": 3,
    "code": 3
  }
}
[debug] [2023-10-05T17:34:36.348Z] Error: Failed to create function neon in region us-central1
    at C:\Users\claud\AppData\Roaming\npm\node_modules\firebase-tools\lib\deploy\functions\release\fabricator.js:51:11
    at process.processTicksAndRejections (node:internal/process/task_queues:95:5)
    at async Fabricator.createV1Function (C:\Users\claud\AppData\Roaming\npm\node_modules\firebase-tools\lib\deploy\functions\release\fabricator.js:180:32)
    at async Fabricator.createEndpoint (C:\Users\claud\AppData\Roaming\npm\node_modules\firebase-tools\lib\deploy\functions\release\fabricator.js:132:13)
    at async handle (C:\Users\claud\AppData\Roaming\npm\node_modules\firebase-tools\lib\deploy\functions\release\fabricator.js:88:17)
[error] 
[error] Error: There was an error deploying functions
